Unity Editor version:    2021.3.8f1 (b30333d56e81)
Branch:                  2021.3/staging
Build type:              Release
Batch mode:              YES
macOS version:           Version 13.0 (Build 22A5358e)
Darwin version:          22.1.0
Architecture:            arm64
Running under Rosetta:   NO
Available memory:        8192 MB
Using pre-set license
Pro License: YES

COMMAND LINE ARGUMENTS:
/Applications/Unity/Hub/Editor/2021.3.8f1/Unity.app/Contents/MacOS/Unity
-adb2
-batchMode
-noUpm
-name
AssetImportWorker0
-projectPath
/Users/heotaegyun/Documents/3D/FinalExam
-logFile
Logs/AssetImportWorker0.log
-srvPort
50443
Successfully changed project path to: /Users/heotaegyun/Documents/3D/FinalExam
/Users/heotaegyun/Documents/3D/FinalExam
[UnityMemory] Configuration Parameters - Can be set up in boot.config
    "memorysetup-bucket-allocator-granularity=16"
    "memorysetup-bucket-allocator-bucket-count=8"
    "memorysetup-bucket-allocator-block-size=33554432"
    "memorysetup-bucket-allocator-block-count=8"
    "memorysetup-main-allocator-block-size=16777216"
    "memorysetup-thread-allocator-block-size=16777216"
    "memorysetup-gfx-main-allocator-block-size=16777216"
    "memorysetup-gfx-thread-allocator-block-size=16777216"
    "memorysetup-cache-allocator-block-size=4194304"
    "memorysetup-typetree-allocator-block-size=2097152"
    "memorysetup-profiler-bucket-allocator-granularity=16"
    "memorysetup-profiler-bucket-allocator-bucket-count=8"
    "memorysetup-profiler-bucket-allocator-block-size=33554432"
    "memorysetup-profiler-bucket-allocator-block-count=8"
    "memorysetup-profiler-allocator-block-size=16777216"
    "memorysetup-profiler-editor-allocator-block-size=1048576"
    "memorysetup-temp-allocator-size-main=16777216"
    "memorysetup-job-temp-allocator-block-size=2097152"
    "memorysetup-job-temp-allocator-block-size-background=1048576"
    "memorysetup-job-temp-allocator-reduction-small-platforms=262144"
    "memorysetup-temp-allocator-size-background-worker=32768"
    "memorysetup-temp-allocator-size-job-worker=262144"
    "memorysetup-temp-allocator-size-preload-manager=33554432"
    "memorysetup-temp-allocator-size-nav-mesh-worker=65536"
    "memorysetup-temp-allocator-size-audio-worker=65536"
    "memorysetup-temp-allocator-size-cloud-worker=32768"
    "memorysetup-temp-allocator-size-gi-baking-worker=262144"
    "memorysetup-temp-allocator-size-gfx=262144"
Refreshing native plugins compatible for Editor in 112.21 ms, found 2 plugins.
Preloading 0 native plugins for Editor in 0.00 ms.
Initialize engine version: 2021.3.8f1 (b30333d56e81)
[Subsystems] Discovering subsystems at path /Applications/Unity/Hub/Editor/2021.3.8f1/Unity.app/Contents/Resources/UnitySubsystems
[Subsystems] Discovering subsystems at path /Users/heotaegyun/Documents/3D/FinalExam/Assets
GfxDevice: creating device client; threaded=0; jobified=0
 preferred device: Apple M1 (high power)
Metal devices available: 1
0: Apple M1 (high power)
Using device Apple M1 (high power)
Initializing Metal device caps: Apple M1
Initialize mono
Mono path[0] = '/Applications/Unity/Hub/Editor/2021.3.8f1/Unity.app/Contents/Managed'
Mono path[1] = '/Applications/Unity/Hub/Editor/2021.3.8f1/Unity.app/Contents/MonoBleedingEdge/lib/mono/unityjit-macos'
Mono config path = '/Applications/Unity/Hub/Editor/2021.3.8f1/Unity.app/Contents/MonoBleedingEdge/etc'
Using monoOptions --debugger-agent=transport=dt_socket,embedding=1,server=y,suspend=n,address=127.0.0.1:56582
Begin MonoManager ReloadAssembly
Registering precompiled unity dll's ...
Register platform support module: /Applications/Unity/Hub/Editor/2021.3.8f1/Unity.app/Contents/PlaybackEngines/MacStandaloneSupport/UnityEditor.OSXStandalone.Extensions.dll
Register platform support module: /Applications/Unity/Hub/Editor/2021.3.8f1/PlaybackEngines/iOSSupport/UnityEditor.iOS.Extensions.dll
Registered in 0.001194 seconds.
[usbmuxd] Start listen thread
[usbmuxd] Listen thread started
[usbmuxd] Send listen message
[usbmuxd] Attached: 14 00008101-001D59E60C08001E
Native extension for iOS target not found
Native extension for OSXStandalone target not found
Refreshing native plugins compatible for Editor in 108.89 ms, found 2 plugins.
Preloading 0 native plugins for Editor in 0.00 ms.
Mono: successfully reloaded assembly
- Completed reload, in  0.658 seconds
Domain Reload Profiling:
	ReloadAssembly (659ms)
		BeginReloadAssembly (80ms)
			ExecutionOrderSort (0ms)
			DisableScriptedObjects (0ms)
			BackupInstance (0ms)
			ReleaseScriptingObjects (0ms)
			CreateAndSetChildDomain (0ms)
		EndReloadAssembly (485ms)
			LoadAssemblies (79ms)
			RebuildTransferFunctionScriptingTraits (0ms)
			SetupTypeCache (92ms)
			ReleaseScriptCaches (0ms)
			RebuildScriptCaches (28ms)
			SetupLoadedEditorAssemblies (329ms)
				LogAssemblyErrors (0ms)
				InitializePlatformSupportModulesInManaged (81ms)
				SetLoadedEditorAssemblies (0ms)
				RefreshPlugins (109ms)
				BeforeProcessingInitializeOnLoad (1ms)
				ProcessInitializeOnLoadAttributes (103ms)
				ProcessInitializeOnLoadMethodAttributes (35ms)
				AfterProcessingInitializeOnLoad (0ms)
				EditorAssembliesLoaded (0ms)
			ExecutionOrderSort2 (0ms)
			AwakeInstancesAfterBackupRestoration (0ms)
Platform modules already initialized, skipping
Registering precompiled user dll's ...
Registered in 0.003237 seconds.
Begin MonoManager ReloadAssembly
Symbol file LoadedFromMemory doesn't match image /Users/heotaegyun/Documents/3D/FinalExam/Library/PackageCache/com.unity.visualscripting@1.7.8/Editor/VisualScripting.Core/Dependencies/YamlDotNet/Unity.VisualScripting.YamlDotNet.dll
Symbol file LoadedFromMemory doesn't match image /Users/heotaegyun/Documents/3D/FinalExam/Library/PackageCache/com.unity.visualscripting@1.7.8/Editor/VisualScripting.Core/Dependencies/DotNetZip/Unity.VisualScripting.IonicZip.dll
Native extension for iOS target not found
Native extension for OSXStandalone target not found
Refreshing native plugins compatible for Editor in 0.89 ms, found 2 plugins.
Preloading 0 native plugins for Editor in 0.00 ms.
Mono: successfully reloaded assembly
- Completed reload, in  1.115 seconds
Domain Reload Profiling:
	ReloadAssembly (1116ms)
		BeginReloadAssembly (75ms)
			ExecutionOrderSort (0ms)
			DisableScriptedObjects (5ms)
			BackupInstance (0ms)
			ReleaseScriptingObjects (0ms)
			CreateAndSetChildDomain (16ms)
		EndReloadAssembly (941ms)
			LoadAssemblies (69ms)
			RebuildTransferFunctionScriptingTraits (0ms)
			SetupTypeCache (235ms)
			ReleaseScriptCaches (2ms)
			RebuildScriptCaches (56ms)
			SetupLoadedEditorAssemblies (490ms)
				LogAssemblyErrors (0ms)
				InitializePlatformSupportModulesInManaged (19ms)
				SetLoadedEditorAssemblies (0ms)
				RefreshPlugins (1ms)
				BeforeProcessingInitializeOnLoad (99ms)
				ProcessInitializeOnLoadAttributes (311ms)
				ProcessInitializeOnLoadMethodAttributes (55ms)
				AfterProcessingInitializeOnLoad (5ms)
				EditorAssembliesLoaded (0ms)
			ExecutionOrderSort2 (0ms)
			AwakeInstancesAfterBackupRestoration (6ms)
Platform modules already initialized, skipping
========================================================================
Worker process is ready to serve import requests
Launching external process: /Applications/Unity/Hub/Editor/2021.3.8f1/Unity.app/Contents/Tools/UnityShaderCompiler
Launched and connected shader compiler UnityShaderCompiler after 0.13 seconds
Refreshing native plugins compatible for Editor in 0.71 ms, found 2 plugins.
Preloading 0 native plugins for Editor in 0.00 ms.
Unloading 3539 Unused Serialized files (Serialized files now loaded: 0)
Unloading 31 unused Assets / (39.5 KB). Loaded Objects now: 4000.
Memory consumption went from 172.4 MB to 172.4 MB.
Total: 8.336458 ms (FindLiveObjects: 0.189125 ms CreateObjectMapping: 0.096833 ms MarkObjects: 7.962167 ms  DeleteObjects: 0.087375 ms)

AssetImportParameters requested are different than current active one (requested -> active):
  custom:video-decoder-ogg-theora: a1e56fd34408186e4bbccfd4996cb3dc -> 
  custom:container-muxer-webm: aa71ff27fc2769a1b78a27578f13a17b -> 
  custom:container-demuxer-webm: 4f35f7cbe854078d1ac9338744f61a02 -> 
  custom:video-encoder-webm-vp8: eb34c28f22e8b96e1ab97ce403110664 -> 
  custom:framework-osx-AVFoundation: e770b220cccbd017edd2c1fefb359320 -> 
  custom:audio-encoder-webm-vorbis: bf7c407c2cedff20999df2af8eb42d56 -> 
  custom:container-demuxer-ogg: 62fdf1f143b41e24485cea50d1cbac27 -> 
  custom:video-decoder-webm-vp8: 9c59270c3fd7afecdb556c50c9e8de78 -> 
  custom:audio-decoder-ogg-vorbis: bf7c407c2cedff20999df2af8eb42d56 -> 
========================================================================
Received Import Request.
  Time since last request: 11491.899698 seconds.
  path: Assets/Textures/Clouds.tif
  artifactKey: Guid(fd0be7e8474bf44c882916d1b51b9a58) Importer(815301076,1909f56bfc062723c751e8b465ee728b)
Start importing Assets/Textures/Clouds.tif using Guid(fd0be7e8474bf44c882916d1b51b9a58) Importer(815301076,1909f56bfc062723c751e8b465ee728b)  -> (artifact id: '914e29ad388503b9e5805aaf98cc91f4') in 0.910904 seconds 
========================================================================
Received Import Request.
  Time since last request: 48.383634 seconds.
  path: Assets/Materials/Dissolve.mat
  artifactKey: Guid(3547e92d391af411588ebe806fa64d10) Importer(815301076,1909f56bfc062723c751e8b465ee728b)
Start importing Assets/Materials/Dissolve.mat using Guid(3547e92d391af411588ebe806fa64d10) Importer(815301076,1909f56bfc062723c751e8b465ee728b)  -> (artifact id: 'c02f3d5129b195ffc699c0b8de8d9030') in 0.190847 seconds 
========================================================================
Received Import Request.
  Time since last request: 45.167477 seconds.
  path: Assets/Prefabs/Dissolve.prefab
  artifactKey: Guid(7dc2aebc9dfe642609e47f0938baa1ce) Importer(815301076,1909f56bfc062723c751e8b465ee728b)
Start importing Assets/Prefabs/Dissolve.prefab using Guid(7dc2aebc9dfe642609e47f0938baa1ce) Importer(815301076,1909f56bfc062723c751e8b465ee728b)  -> (artifact id: 'd940382fbe260070ac44004981bc6f87') in 0.106276 seconds 
========================================================================
Received Import Request.
  Time since last request: 32.204005 seconds.
  path: Assets/Prefabs/Dissolve.prefab
  artifactKey: Guid(7dc2aebc9dfe642609e47f0938baa1ce) Importer(815301076,1909f56bfc062723c751e8b465ee728b)
Start importing Assets/Prefabs/Dissolve.prefab using Guid(7dc2aebc9dfe642609e47f0938baa1ce) Importer(815301076,1909f56bfc062723c751e8b465ee728b)  -> (artifact id: 'f29555731f642c02f9b3d326dc2a09fd') in 0.016121 seconds 
========================================================================
Received Import Request.
  Time since last request: 17.429377 seconds.
  path: Assets/Prefabs/Class/Warrior/Player.fbm/Arrow_DIFF.png
  artifactKey: Guid(0d876a535659efd488f4eb03343e3bbe) Importer(815301076,1909f56bfc062723c751e8b465ee728b)
Start importing Assets/Prefabs/Class/Warrior/Player.fbm/Arrow_DIFF.png using Guid(0d876a535659efd488f4eb03343e3bbe) Importer(815301076,1909f56bfc062723c751e8b465ee728b)  -> (artifact id: '6a9f4406d789bc203d5d25553545cd8f') in 0.116996 seconds 
========================================================================
Received Import Request.
  Time since last request: 0.000904 seconds.
  path: Assets/Sprites/UI/Lobby/Background.jpg
  artifactKey: Guid(060e4e4dc5ece4120aa494b888c7ba50) Importer(815301076,1909f56bfc062723c751e8b465ee728b)
Start importing Assets/Sprites/UI/Lobby/Background.jpg using Guid(060e4e4dc5ece4120aa494b888c7ba50) Importer(815301076,1909f56bfc062723c751e8b465ee728b)  -> (artifact id: 'ba5b074cdbf149332760d756b3286b2b') in 0.786124 seconds 
========================================================================
Received Import Request.
  Time since last request: 0.000062 seconds.
  path: Assets/Sprites/UI/LowpolyStreetPack/Meshes/Textures/atlas01.png
  artifactKey: Guid(f7ae15a5a225f114fba4b2cce460cf37) Importer(815301076,1909f56bfc062723c751e8b465ee728b)
Start importing Assets/Sprites/UI/LowpolyStreetPack/Meshes/Textures/atlas01.png using Guid(f7ae15a5a225f114fba4b2cce460cf37) Importer(815301076,1909f56bfc062723c751e8b465ee728b)  -> (artifact id: '19c377e975db5f58756a20b740dc07f1') in 0.009443 seconds 
========================================================================
Received Import Request.
  Time since last request: 0.000255 seconds.
  path: Assets/Prefabs/Class/Warrior/Player.fbm/Bow_DIFF.jpg
  artifactKey: Guid(1ee0e3c7bb97f3d4f81410cf573ada33) Importer(815301076,1909f56bfc062723c751e8b465ee728b)
Start importing Assets/Prefabs/Class/Warrior/Player.fbm/Bow_DIFF.jpg using Guid(1ee0e3c7bb97f3d4f81410cf573ada33) Importer(815301076,1909f56bfc062723c751e8b465ee728b)  -> (artifact id: '749631212fecca7225475886584ff09b') in 0.022777 seconds 
========================================================================
Received Import Request.
  Time since last request: 0.000050 seconds.
  path: Assets/Prefabs/Class/Warrior/Player.fbm/Bow_NM.jpg
  artifactKey: Guid(ec764d3774e077a4296ff8fa4ce38847) Importer(815301076,1909f56bfc062723c751e8b465ee728b)
Start importing Assets/Prefabs/Class/Warrior/Player.fbm/Bow_NM.jpg using Guid(ec764d3774e077a4296ff8fa4ce38847) Importer(815301076,1909f56bfc062723c751e8b465ee728b)  -> (artifact id: '47d900c908fd8c99d39d0b7d85d14cd0') in 0.127204 seconds 
========================================================================
Received Import Request.
  Time since last request: 84.679451 seconds.
  path: Assets/Prefabs/Dissolve.prefab
  artifactKey: Guid(7dc2aebc9dfe642609e47f0938baa1ce) Importer(815301076,1909f56bfc062723c751e8b465ee728b)
Start importing Assets/Prefabs/Dissolve.prefab using Guid(7dc2aebc9dfe642609e47f0938baa1ce) Importer(815301076,1909f56bfc062723c751e8b465ee728b)  -> (artifact id: '2d2d968bde8069780f613ef827e27e13') in 2.433793 seconds 
========================================================================
Received Prepare
Registering precompiled user dll's ...
Registered in 0.004756 seconds.
Begin MonoManager ReloadAssembly
Thread 0x288437000 may have been prematurely finalized
Symbol file LoadedFromMemory doesn't match image /Users/heotaegyun/Documents/3D/FinalExam/Library/PackageCache/com.unity.visualscripting@1.7.8/Editor/VisualScripting.Core/Dependencies/YamlDotNet/Unity.VisualScripting.YamlDotNet.dll
Symbol file LoadedFromMemory doesn't match image /Users/heotaegyun/Documents/3D/FinalExam/Library/PackageCache/com.unity.visualscripting@1.7.8/Editor/VisualScripting.Core/Dependencies/DotNetZip/Unity.VisualScripting.IonicZip.dll
Native extension for iOS target not found
Native extension for OSXStandalone target not found
Refreshing native plugins compatible for Editor in 1.03 ms, found 2 plugins.
Preloading 0 native plugins for Editor in 0.00 ms.
Mono: successfully reloaded assembly
- Completed reload, in  2.009 seconds
Domain Reload Profiling:
	ReloadAssembly (2011ms)
		BeginReloadAssembly (128ms)
			ExecutionOrderSort (0ms)
			DisableScriptedObjects (4ms)
			BackupInstance (0ms)
			ReleaseScriptingObjects (0ms)
			CreateAndSetChildDomain (46ms)
		EndReloadAssembly (1787ms)
			LoadAssemblies (63ms)
			RebuildTransferFunctionScriptingTraits (0ms)
			SetupTypeCache (515ms)
			ReleaseScriptCaches (3ms)
			RebuildScriptCaches (98ms)
			SetupLoadedEditorAssemblies (978ms)
				LogAssemblyErrors (0ms)
				InitializePlatformSupportModulesInManaged (361ms)
				SetLoadedEditorAssemblies (1ms)
				RefreshPlugins (1ms)
				BeforeProcessingInitializeOnLoad (130ms)
				ProcessInitializeOnLoadAttributes (420ms)
				ProcessInitializeOnLoadMethodAttributes (61ms)
				AfterProcessingInitializeOnLoad (4ms)
				EditorAssembliesLoaded (0ms)
			ExecutionOrderSort2 (0ms)
			AwakeInstancesAfterBackupRestoration (9ms)
Platform modules already initialized, skipping
Refreshing native plugins compatible for Editor in 4.27 ms, found 2 plugins.
Preloading 0 native plugins for Editor in 0.00 ms.
Unloading 3531 Unused Serialized files (Serialized files now loaded: 0)
Unloading 25 unused Assets / (0.5 MB). Loaded Objects now: 4053.
Memory consumption went from 0.56 GB to 0.56 GB.
Total: 8.652750 ms (FindLiveObjects: 0.391000 ms CreateObjectMapping: 0.208834 ms MarkObjects: 7.601084 ms  DeleteObjects: 0.449583 ms)

AssetImportParameters requested are different than current active one (requested -> active):
  custom:video-decoder-ogg-theora: a1e56fd34408186e4bbccfd4996cb3dc -> 
  custom:container-muxer-webm: aa71ff27fc2769a1b78a27578f13a17b -> 
  custom:container-demuxer-webm: 4f35f7cbe854078d1ac9338744f61a02 -> 
  custom:video-encoder-webm-vp8: eb34c28f22e8b96e1ab97ce403110664 -> 
  custom:framework-osx-AVFoundation: e770b220cccbd017edd2c1fefb359320 -> 
  custom:audio-encoder-webm-vorbis: bf7c407c2cedff20999df2af8eb42d56 -> 
  custom:container-demuxer-ogg: 62fdf1f143b41e24485cea50d1cbac27 -> 
  custom:video-decoder-webm-vp8: 9c59270c3fd7afecdb556c50c9e8de78 -> 
  custom:audio-decoder-ogg-vorbis: bf7c407c2cedff20999df2af8eb42d56 -> 
========================================================================
Received Import Request.
  Time since last request: 125.438179 seconds.
  path: Assets/Photon/PhotonUnityNetworking/Demos/DemoSlotRacer/Kenney Assets/Stylized city/Models/car_1.FBX
  artifactKey: Guid(1ec55baed88ac07429a52bee4c519015) Importer(815301076,1909f56bfc062723c751e8b465ee728b)
Start importing Assets/Photon/PhotonUnityNetworking/Demos/DemoSlotRacer/Kenney Assets/Stylized city/Models/car_1.FBX using Guid(1ec55baed88ac07429a52bee4c519015) Importer(815301076,1909f56bfc062723c751e8b465ee728b)  -> (artifact id: 'c4150079024421b7ce42efaeb82a51ae') in 1.141276 seconds 
========================================================================
Received Import Request.
  Time since last request: 0.000249 seconds.
  path: Assets/Photon/PhotonUnityNetworking/Demos/DemoSlotRacer/Kenney Assets/Racing Kit/Models/roadStraightBridgeStart.fbx
  artifactKey: Guid(f3190f178f6804a438514c250f12db6a) Importer(815301076,1909f56bfc062723c751e8b465ee728b)
Start importing Assets/Photon/PhotonUnityNetworking/Demos/DemoSlotRacer/Kenney Assets/Racing Kit/Models/roadStraightBridgeStart.fbx using Guid(f3190f178f6804a438514c250f12db6a) Importer(815301076,1909f56bfc062723c751e8b465ee728b)  -> (artifact id: '6e8a24654c2d8ae24b688f8b3aff4d44') in 0.122502 seconds 
========================================================================
Received Import Request.
  Time since last request: 0.002063 seconds.
  path: Assets/Photon/PhotonUnityNetworking/Demos/DemoAsteroids/Models/Asteroid01.fbx
  artifactKey: Guid(401fae203bae0ee428e401e7f9af9be8) Importer(815301076,1909f56bfc062723c751e8b465ee728b)
Start importing Assets/Photon/PhotonUnityNetworking/Demos/DemoAsteroids/Models/Asteroid01.fbx using Guid(401fae203bae0ee428e401e7f9af9be8) Importer(815301076,1909f56bfc062723c751e8b465ee728b)  -> (artifact id: 'd28e36e91c32c31128c4e52c05e00b04') in 0.078173 seconds 
========================================================================
Received Import Request.
  Time since last request: 0.000087 seconds.
  path: Assets/Photon/PhotonUnityNetworking/Demos/DemoSlotRacer/Kenney Assets/Racing Kit/Models/roadRampLongCurvedWall.fbx
  artifactKey: Guid(002276cc119770f4c8b9797abd47f7e5) Importer(815301076,1909f56bfc062723c751e8b465ee728b)
Start importing Assets/Photon/PhotonUnityNetworking/Demos/DemoSlotRacer/Kenney Assets/Racing Kit/Models/roadRampLongCurvedWall.fbx using Guid(002276cc119770f4c8b9797abd47f7e5) Importer(815301076,1909f56bfc062723c751e8b465ee728b)  -> (artifact id: '6ce6bc2e75cec76045015aff4636a3e4') in 0.019959 seconds 
========================================================================
Received Import Request.
  Time since last request: 0.000092 seconds.
  path: Assets/Sprites/UI/LowpolyStreetPack/Meshes/Roads.FBX
  artifactKey: Guid(bca5c93adbc71744ca9ea932c796e900) Importer(815301076,1909f56bfc062723c751e8b465ee728b)
Start importing Assets/Sprites/UI/LowpolyStreetPack/Meshes/Roads.FBX using Guid(bca5c93adbc71744ca9ea932c796e900) Importer(815301076,1909f56bfc062723c751e8b465ee728b)  -> (artifact id: '7750d16708a5a8307f2dc2a57518323b') in 0.791786 seconds 
========================================================================
Received Import Request.
  Time since last request: 0.000101 seconds.
  path: Assets/Photon/PhotonUnityNetworking/Demos/DemoAsteroids/Models/LaserBolt.fbx
  artifactKey: Guid(efbb13993d8043d4ba5c752ed4b1a2bc) Importer(815301076,1909f56bfc062723c751e8b465ee728b)
Start importing Assets/Photon/PhotonUnityNetworking/Demos/DemoAsteroids/Models/LaserBolt.fbx using Guid(efbb13993d8043d4ba5c752ed4b1a2bc) Importer(815301076,1909f56bfc062723c751e8b465ee728b)  -> (artifact id: 'b2aec51a3df8745684e17092c0415c1a') in 0.023992 seconds 
========================================================================
Received Import Request.
  Time since last request: 0.000121 seconds.
  path: Assets/Prefabs/Class/Warrior/WarriouWalk.fbx
  artifactKey: Guid(9f8d4b47c96d4994e9cdc4ddf71808b1) Importer(815301076,1909f56bfc062723c751e8b465ee728b)
Start importing Assets/Prefabs/Class/Warrior/WarriouWalk.fbx using Guid(9f8d4b47c96d4994e9cdc4ddf71808b1) Importer(815301076,1909f56bfc062723c751e8b465ee728b)  -> (artifact id: '748bfbdd2b909f7e4c9df1ae894bdc35') in 0.332665 seconds 
========================================================================
Received Import Request.
  Time since last request: 0.000175 seconds.
  path: Assets/Sprites/UI/LowpolyStreetPack/Meshes/Parking.FBX
  artifactKey: Guid(ef582edc4ff50194bb39f8e3cddde53e) Importer(815301076,1909f56bfc062723c751e8b465ee728b)
Start importing Assets/Sprites/UI/LowpolyStreetPack/Meshes/Parking.FBX using Guid(ef582edc4ff50194bb39f8e3cddde53e) Importer(815301076,1909f56bfc062723c751e8b465ee728b)  -> (artifact id: 'a07b4391dda7eb09011e706c9ce523a7') in 0.103719 seconds 
========================================================================
Received Import Request.
  Time since last request: 0.000097 seconds.
  path: Assets/Prefabs/Class/Warrior/WarrioShield.fbx
  artifactKey: Guid(56304397c5597d5449406cabb63797e0) Importer(815301076,1909f56bfc062723c751e8b465ee728b)
Start importing Assets/Prefabs/Class/Warrior/WarrioShield.fbx using Guid(56304397c5597d5449406cabb63797e0) Importer(815301076,1909f56bfc062723c751e8b465ee728b)  -> (artifact id: 'bea1acd58a7a08622ae314bb770fa314') in 0.100833 seconds 
========================================================================
Received Import Request.
  Time since last request: 0.001631 seconds.
  path: Assets/Sprites/UI/LowpolyStreetPack/Meshes/Park.FBX
  artifactKey: Guid(63c115d4cb97ebb429c815dffc7a05d7) Importer(815301076,1909f56bfc062723c751e8b465ee728b)
Start importing Assets/Sprites/UI/LowpolyStreetPack/Meshes/Park.FBX using Guid(63c115d4cb97ebb429c815dffc7a05d7) Importer(815301076,1909f56bfc062723c751e8b465ee728b)  -> (artifact id: '6ef3eeedb2a56ef9d4b1e5d6a62b5722') in 0.140761 seconds 
========================================================================
Received Import Request.
  Time since last request: 0.000097 seconds.
  path: Assets/Photon/PhotonUnityNetworking/Demos/DemoSlotRacer/Kenney Assets/Racing Kit/Models/billboardLower.fbx
  artifactKey: Guid(271d69ba92e5ec94eaa3779f0ea4ce47) Importer(815301076,1909f56bfc062723c751e8b465ee728b)
Start importing Assets/Photon/PhotonUnityNetworking/Demos/DemoSlotRacer/Kenney Assets/Racing Kit/Models/billboardLower.fbx using Guid(271d69ba92e5ec94eaa3779f0ea4ce47) Importer(815301076,1909f56bfc062723c751e8b465ee728b)  -> (artifact id: 'b1a9ddc753fcbe802ace10ee873afc4c') in 0.028649 seconds 
========================================================================
Received Import Request.
  Time since last request: 0.000127 seconds.
  path: Assets/Sprites/UI/LowpolyStreetPack/Meshes/Bridges.FBX
  artifactKey: Guid(743b5a36add64654a83f60be2beee9f1) Importer(815301076,1909f56bfc062723c751e8b465ee728b)
Start importing Assets/Sprites/UI/LowpolyStreetPack/Meshes/Bridges.FBX using Guid(743b5a36add64654a83f60be2beee9f1) Importer(815301076,1909f56bfc062723c751e8b465ee728b)  -> (artifact id: '04eedeb7570eea8eba0c658429530a47') in 0.275830 seconds 
========================================================================
Received Import Request.
  Time since last request: 0.044996 seconds.
  path: Assets/Sprites/UI/LowpolyStreetPack/Meshes/LightShape.FBX
  artifactKey: Guid(d5ff1f5c1c85a3b4b97e383bb087d486) Importer(815301076,1909f56bfc062723c751e8b465ee728b)
Start importing Assets/Sprites/UI/LowpolyStreetPack/Meshes/LightShape.FBX using Guid(d5ff1f5c1c85a3b4b97e383bb087d486) Importer(815301076,1909f56bfc062723c751e8b465ee728b)  -> (artifact id: 'a25c59202d55f24710c67163ef9fcd07') in 0.028225 seconds 
========================================================================
Received Import Request.
  Time since last request: 0.000106 seconds.
  path: Assets/Photon/PhotonUnityNetworking/Demos/DemoSlotRacer/Kenney Assets/Stylized city/Models/car_3.FBX
  artifactKey: Guid(09f4942833b61cf429ab5ae4addaacac) Importer(815301076,1909f56bfc062723c751e8b465ee728b)
Start importing Assets/Photon/PhotonUnityNetworking/Demos/DemoSlotRacer/Kenney Assets/Stylized city/Models/car_3.FBX using Guid(09f4942833b61cf429ab5ae4addaacac) Importer(815301076,1909f56bfc062723c751e8b465ee728b)  -> (artifact id: 'da14d57467e02c9b542218258433f7dc') in 0.169835 seconds 
========================================================================
Received Import Request.
  Time since last request: 0.000119 seconds.
  path: Assets/Prefabs/Class/Warrior/WarriouRun.fbx
  artifactKey: Guid(7937735aad50adb419a9a851a8c07b9a) Importer(815301076,1909f56bfc062723c751e8b465ee728b)
Start importing Assets/Prefabs/Class/Warrior/WarriouRun.fbx using Guid(7937735aad50adb419a9a851a8c07b9a) Importer(815301076,1909f56bfc062723c751e8b465ee728b)  -> (artifact id: 'a7aeff91c2afabc11a1824174aa21d91') in 0.105719 seconds 
========================================================================
Received Import Request.
  Time since last request: 0.000113 seconds.
  path: Assets/Photon/PhotonUnityNetworking/Demos/DemoSlotRacer/Kenney Assets/Racing Kit/Models/roadStraight.fbx
  artifactKey: Guid(ca7c80957e4a0044c8068142334ca1b3) Importer(815301076,1909f56bfc062723c751e8b465ee728b)
Start importing Assets/Photon/PhotonUnityNetworking/Demos/DemoSlotRacer/Kenney Assets/Racing Kit/Models/roadStraight.fbx using Guid(ca7c80957e4a0044c8068142334ca1b3) Importer(815301076,1909f56bfc062723c751e8b465ee728b)  -> (artifact id: 'abb595bfd24bdc0bdde48e9619ca9d12') in 0.021168 seconds 
========================================================================
Received Import Request.
  Time since last request: 0.000159 seconds.
  path: Assets/Sprites/UI/LowpolyStreetPack/Meshes/Fences.FBX
  artifactKey: Guid(4b29ecf28e5fd4b4f86a961aca54fd1e) Importer(815301076,1909f56bfc062723c751e8b465ee728b)
Start importing Assets/Sprites/UI/LowpolyStreetPack/Meshes/Fences.FBX using Guid(4b29ecf28e5fd4b4f86a961aca54fd1e) Importer(815301076,1909f56bfc062723c751e8b465ee728b)  -> (artifact id: 'a9ca2bc7800d9537542beafd2274dbc0') in 0.388928 seconds 
========================================================================
Received Import Request.
  Time since last request: 0.000151 seconds.
  path: Assets/Photon/PhotonUnityNetworking/Demos/DemoSlotRacer/Kenney Assets/Racing Kit/Models/flagGreen.fbx
  artifactKey: Guid(b2c239f9b60751e4ab9034c7f2ad66b1) Importer(815301076,1909f56bfc062723c751e8b465ee728b)
Start importing Assets/Photon/PhotonUnityNetworking/Demos/DemoSlotRacer/Kenney Assets/Racing Kit/Models/flagGreen.fbx using Guid(b2c239f9b60751e4ab9034c7f2ad66b1) Importer(815301076,1909f56bfc062723c751e8b465ee728b)  -> (artifact id: '15afc8e49204d212fda96dbad0d5c181') in 0.024916 seconds 
========================================================================
Received Import Request.
  Time since last request: 0.008086 seconds.
  path: Assets/Photon/PhotonUnityNetworking/Demos/Shared Assets/Models/Pointer.fbx
  artifactKey: Guid(0baebe6c8f51e754a96dd7d4dee9bb4e) Importer(815301076,1909f56bfc062723c751e8b465ee728b)
Start importing Assets/Photon/PhotonUnityNetworking/Demos/Shared Assets/Models/Pointer.fbx using Guid(0baebe6c8f51e754a96dd7d4dee9bb4e) Importer(815301076,1909f56bfc062723c751e8b465ee728b)  -> (artifact id: 'f8040e8baed2847e1160b318e394a06b') in 0.032898 seconds 
========================================================================
Received Import Request.
  Time since last request: 0.000176 seconds.
  path: Assets/Photon/PhotonUnityNetworking/Demos/DemoAsteroids/Models/Spaceship.fbx
  artifactKey: Guid(65e16ec6a1570944a980e4988e715ae6) Importer(815301076,1909f56bfc062723c751e8b465ee728b)
Start importing Assets/Photon/PhotonUnityNetworking/Demos/DemoAsteroids/Models/Spaceship.fbx using Guid(65e16ec6a1570944a980e4988e715ae6) Importer(815301076,1909f56bfc062723c751e8b465ee728b)  -> (artifact id: '8d926d62f02e7318382742b4ff41a642') in 0.023516 seconds 
========================================================================
Received Import Request.
  Time since last request: 0.000286 seconds.
  path: Assets/Photon/PhotonUnityNetworking/Demos/DemoSlotRacer/Kenney Assets/Stylized city/Models/tree_6.FBX
  artifactKey: Guid(45e438e80c2860545b63beb8d6718edd) Importer(815301076,1909f56bfc062723c751e8b465ee728b)
Start importing Assets/Photon/PhotonUnityNetworking/Demos/DemoSlotRacer/Kenney Assets/Stylized city/Models/tree_6.FBX using Guid(45e438e80c2860545b63beb8d6718edd) Importer(815301076,1909f56bfc062723c751e8b465ee728b)  -> (artifact id: '6aad6f612a8b1edf6111bec834d5593b') in 0.069908 seconds 
========================================================================
Received Import Request.
  Time since last request: 0.000086 seconds.
  path: Assets/Prefabs/Class/Warrior/WarriouAttack.fbx
  artifactKey: Guid(ce03ae33d4a20ea4caf78cedb43d95f7) Importer(815301076,1909f56bfc062723c751e8b465ee728b)
Start importing Assets/Prefabs/Class/Warrior/WarriouAttack.fbx using Guid(ce03ae33d4a20ea4caf78cedb43d95f7) Importer(815301076,1909f56bfc062723c751e8b465ee728b)  -> (artifact id: 'b8337f45d3528c2caab848fdadf1da39') in 0.075620 seconds 
========================================================================
Received Import Request.
  Time since last request: 0.000076 seconds.
  path: Assets/Photon/PhotonUnityNetworking/Demos/DemoSlotRacer/Kenney Assets/Racing Kit/Models/roadStartPositions.fbx
  artifactKey: Guid(f5a5b74b30add9048911cae29679bbce) Importer(815301076,1909f56bfc062723c751e8b465ee728b)
Start importing Assets/Photon/PhotonUnityNetworking/Demos/DemoSlotRacer/Kenney Assets/Racing Kit/Models/roadStartPositions.fbx using Guid(f5a5b74b30add9048911cae29679bbce) Importer(815301076,1909f56bfc062723c751e8b465ee728b)  -> (artifact id: 'b817fc1902b13988a8afafe5913b3256') in 0.018367 seconds 
========================================================================
Received Import Request.
  Time since last request: 0.000103 seconds.
  path: Assets/Photon/PhotonUnityNetworking/Demos/DemoSlotRacer/Kenney Assets/Racing Kit/Models/roadCornerSmallBorder.fbx
  artifactKey: Guid(f34457aefb5bca94fa9fb35aa61fb3e7) Importer(815301076,1909f56bfc062723c751e8b465ee728b)
Start importing Assets/Photon/PhotonUnityNetworking/Demos/DemoSlotRacer/Kenney Assets/Racing Kit/Models/roadCornerSmallBorder.fbx using Guid(f34457aefb5bca94fa9fb35aa61fb3e7) Importer(815301076,1909f56bfc062723c751e8b465ee728b)  -> (artifact id: 'fae8a38072f0a67ab015c934b6651f3d') in 0.016157 seconds 
========================================================================
Received Import Request.
  Time since last request: 0.000089 seconds.
  path: Assets/Sprites/Wagon/models/wagon2.fbx
  artifactKey: Guid(be846c04da9385d48af7b21786ac78ca) Importer(815301076,1909f56bfc062723c751e8b465ee728b)
Start importing Assets/Sprites/Wagon/models/wagon2.fbx using Guid(be846c04da9385d48af7b21786ac78ca) Importer(815301076,1909f56bfc062723c751e8b465ee728b)  -> (artifact id: 'af059771202b749ef545e7a26f1d8f7d') in 0.039310 seconds 
========================================================================
Received Import Request.
  Time since last request: 0.000091 seconds.
  path: Assets/Photon/PhotonUnityNetworking/Demos/DemoAsteroids/Models/FlyerAsteroidB.fbx
  artifactKey: Guid(757fc9771ce30dc468c775b392518d81) Importer(815301076,1909f56bfc062723c751e8b465ee728b)
Start importing Assets/Photon/PhotonUnityNetworking/Demos/DemoAsteroids/Models/FlyerAsteroidB.fbx using Guid(757fc9771ce30dc468c775b392518d81) Importer(815301076,1909f56bfc062723c751e8b465ee728b)  -> (artifact id: '14ebffa80aae381f5479c6126832ddaf') in 0.016725 seconds 
========================================================================
Received Import Request.
  Time since last request: 0.000172 seconds.
  path: Assets/Photon/PhotonUnityNetworking/Demos/DemoSlotRacer/Kenney Assets/Stylized city/Models/car_4.FBX
  artifactKey: Guid(f3cb3c8f5cd4b514ebf9fbfda32cb36d) Importer(815301076,1909f56bfc062723c751e8b465ee728b)
Start importing Assets/Photon/PhotonUnityNetworking/Demos/DemoSlotRacer/Kenney Assets/Stylized city/Models/car_4.FBX using Guid(f3cb3c8f5cd4b514ebf9fbfda32cb36d) Importer(815301076,1909f56bfc062723c751e8b465ee728b)  -> (artifact id: '66d7c5e0038cb90f218bb73d4263af9b') in 0.129316 seconds 
========================================================================
Received Import Request.
  Time since last request: 0.000105 seconds.
  path: Assets/Sprites/UI/LowpolyStreetPack/Meshes/StreetProps.FBX
  artifactKey: Guid(29b8da6fbd3c2b542bf7bcda4beeab81) Importer(815301076,1909f56bfc062723c751e8b465ee728b)
Start importing Assets/Sprites/UI/LowpolyStreetPack/Meshes/StreetProps.FBX using Guid(29b8da6fbd3c2b542bf7bcda4beeab81) Importer(815301076,1909f56bfc062723c751e8b465ee728b)  -> (artifact id: 'eefeb54140eb4a76f3a5482530b6909d') in 0.918096 seconds 
========================================================================
Received Import Request.
  Time since last request: 32.326433 seconds.
  path: Assets/Prefabs/Dissolve.prefab
  artifactKey: Guid(7dc2aebc9dfe642609e47f0938baa1ce) Importer(815301076,1909f56bfc062723c751e8b465ee728b)
Start importing Assets/Prefabs/Dissolve.prefab using Guid(7dc2aebc9dfe642609e47f0938baa1ce) Importer(815301076,1909f56bfc062723c751e8b465ee728b)  -> (artifact id: '66d6af4761b83e519656e054ecc91a01') in 0.805628 seconds 
========================================================================
Received Import Request.
  Time since last request: 29.971165 seconds.
  path: Assets/Prefabs/Dissolve.prefab
  artifactKey: Guid(7dc2aebc9dfe642609e47f0938baa1ce) Importer(815301076,1909f56bfc062723c751e8b465ee728b)
Start importing Assets/Prefabs/Dissolve.prefab using Guid(7dc2aebc9dfe642609e47f0938baa1ce) Importer(815301076,1909f56bfc062723c751e8b465ee728b)  -> (artifact id: 'fc57336e1a1c08c1cbc7a78b15688db6') in 0.041661 seconds 
========================================================================
Received Import Request.
  Time since last request: 16.889591 seconds.
  path: Assets/Prefabs/Dissolve.prefab
  artifactKey: Guid(7dc2aebc9dfe642609e47f0938baa1ce) Importer(815301076,1909f56bfc062723c751e8b465ee728b)
Start importing Assets/Prefabs/Dissolve.prefab using Guid(7dc2aebc9dfe642609e47f0938baa1ce) Importer(815301076,1909f56bfc062723c751e8b465ee728b)  -> (artifact id: 'd384e53689fbcec9ee2a6ea0540f7f20') in 0.051227 seconds 
========================================================================
Received Import Request.
  Time since last request: 2.427060 seconds.
  path: Assets/Prefabs/Dissolve.prefab
  artifactKey: Guid(7dc2aebc9dfe642609e47f0938baa1ce) Importer(815301076,1909f56bfc062723c751e8b465ee728b)
Start importing Assets/Prefabs/Dissolve.prefab using Guid(7dc2aebc9dfe642609e47f0938baa1ce) Importer(815301076,1909f56bfc062723c751e8b465ee728b)  -> (artifact id: 'f09ecfbdbc377f8725bbf2f1224e2c51') in 0.014096 seconds 
========================================================================
Received Import Request.
  Time since last request: 19.090148 seconds.
  path: Assets/Prefabs/Dissolve.prefab
  artifactKey: Guid(7dc2aebc9dfe642609e47f0938baa1ce) Importer(815301076,1909f56bfc062723c751e8b465ee728b)
Start importing Assets/Prefabs/Dissolve.prefab using Guid(7dc2aebc9dfe642609e47f0938baa1ce) Importer(815301076,1909f56bfc062723c751e8b465ee728b)  -> (artifact id: '30d465cc64874200e587e2934c8f4113') in 0.020145 seconds 
========================================================================
Received Import Request.
  Time since last request: 1.697878 seconds.
  path: Assets/Materials/Dissolve.mat
  artifactKey: Guid(3547e92d391af411588ebe806fa64d10) Importer(815301076,1909f56bfc062723c751e8b465ee728b)
Start importing Assets/Materials/Dissolve.mat using Guid(3547e92d391af411588ebe806fa64d10) Importer(815301076,1909f56bfc062723c751e8b465ee728b)  -> (artifact id: 'e7a2cae9acef15691a6b4e037d141162') in 0.087978 seconds 
========================================================================
Received Import Request.
  Time since last request: 0.858082 seconds.
  path: Assets/Photon/PhotonUnityNetworking/Demos/DemoSlotRacer/Kenney Assets/Racing Kit/Models/Materials/bark.mat
  artifactKey: Guid(5b3826dd21e1d2b4a947c774023d1db3) Importer(815301076,1909f56bfc062723c751e8b465ee728b)
Start importing Assets/Photon/PhotonUnityNetworking/Demos/DemoSlotRacer/Kenney Assets/Racing Kit/Models/Materials/bark.mat using Guid(5b3826dd21e1d2b4a947c774023d1db3) Importer(815301076,1909f56bfc062723c751e8b465ee728b)  -> (artifact id: '2e0fb981109a6f8fcb682e0c6783ebc5') in 0.007533 seconds 
========================================================================
Received Import Request.
  Time since last request: 0.016324 seconds.
  path: Assets/Prefabs/Class/Warrior/Materials/Bow_DIFF.mat
  artifactKey: Guid(db8ea7f498a481248808f13f1af697af) Importer(815301076,1909f56bfc062723c751e8b465ee728b)
Start importing Assets/Prefabs/Class/Warrior/Materials/Bow_DIFF.mat using Guid(db8ea7f498a481248808f13f1af697af) Importer(815301076,1909f56bfc062723c751e8b465ee728b)  -> (artifact id: '900a3f0b4f6fb15651802a7ea91887c4') in 0.019727 seconds 
========================================================================
Received Import Request.
  Time since last request: 0.000072 seconds.
  path: Assets/Prefabs/Class/Warrior/Materials/FemaleFitA_Body_diffuse.mat
  artifactKey: Guid(551ca56b162312e43b1548d7ee4c20e2) Importer(815301076,1909f56bfc062723c751e8b465ee728b)
Start importing Assets/Prefabs/Class/Warrior/Materials/FemaleFitA_Body_diffuse.mat using Guid(551ca56b162312e43b1548d7ee4c20e2) Importer(815301076,1909f56bfc062723c751e8b465ee728b)  -> (artifact id: '110a2f216895c9b5f9f34ccb740fdd27') in 0.018062 seconds 
========================================================================
Received Import Request.
  Time since last request: 0.000113 seconds.
  path: Assets/Prefabs/Class/Warrior/Materials/FemaleFitA_eyelash_diffuse.mat
  artifactKey: Guid(ab5fcb2e42d326d4e9ac2b3b6365be49) Importer(815301076,1909f56bfc062723c751e8b465ee728b)
Start importing Assets/Prefabs/Class/Warrior/Materials/FemaleFitA_eyelash_diffuse.mat using Guid(ab5fcb2e42d326d4e9ac2b3b6365be49) Importer(815301076,1909f56bfc062723c751e8b465ee728b)  -> (artifact id: '660f8e6f5a552af38a462af6af68e988') in 0.596475 seconds 
========================================================================
Received Import Request.
  Time since last request: 0.000071 seconds.
  path: Assets/Prefabs/Class/Warrior/Materials/Arrow_DIFF.mat
  artifactKey: Guid(41bdf37eb61616844ae50a68c677070a) Importer(815301076,1909f56bfc062723c751e8b465ee728b)
Start importing Assets/Prefabs/Class/Warrior/Materials/Arrow_DIFF.mat using Guid(41bdf37eb61616844ae50a68c677070a) Importer(815301076,1909f56bfc062723c751e8b465ee728b)  -> (artifact id: '6533829ece12f194cc6b01880d5ff5c4') in 0.617475 seconds 
