Unity Editor version:    2021.3.8f1 (b30333d56e81)
Branch:                  2021.3/staging
Build type:              Release
Batch mode:              YES
macOS version:           Version 13.0 (Build 22A5358e)
Darwin version:          22.1.0
Architecture:            arm64
Running under Rosetta:   NO
Available memory:        8192 MB
Using pre-set license
Pro License: YES

COMMAND LINE ARGUMENTS:
/Applications/Unity/Hub/Editor/2021.3.8f1/Unity.app/Contents/MacOS/Unity
-adb2
-batchMode
-noUpm
-name
AssetImportWorker1
-projectPath
/Users/heotaegyun/Documents/GitHub/3D/FinalExam
-logFile
Logs/AssetImportWorker1.log
-srvPort
58197
Successfully changed project path to: /Users/heotaegyun/Documents/GitHub/3D/FinalExam
/Users/heotaegyun/Documents/GitHub/3D/FinalExam
[UnityMemory] Configuration Parameters - Can be set up in boot.config
    "memorysetup-bucket-allocator-granularity=16"
    "memorysetup-bucket-allocator-bucket-count=8"
    "memorysetup-bucket-allocator-block-size=33554432"
    "memorysetup-bucket-allocator-block-count=8"
    "memorysetup-main-allocator-block-size=16777216"
    "memorysetup-thread-allocator-block-size=16777216"
    "memorysetup-gfx-main-allocator-block-size=16777216"
    "memorysetup-gfx-thread-allocator-block-size=16777216"
    "memorysetup-cache-allocator-block-size=4194304"
    "memorysetup-typetree-allocator-block-size=2097152"
    "memorysetup-profiler-bucket-allocator-granularity=16"
    "memorysetup-profiler-bucket-allocator-bucket-count=8"
    "memorysetup-profiler-bucket-allocator-block-size=33554432"
    "memorysetup-profiler-bucket-allocator-block-count=8"
    "memorysetup-profiler-allocator-block-size=16777216"
    "memorysetup-profiler-editor-allocator-block-size=1048576"
    "memorysetup-temp-allocator-size-main=16777216"
    "memorysetup-job-temp-allocator-block-size=2097152"
    "memorysetup-job-temp-allocator-block-size-background=1048576"
    "memorysetup-job-temp-allocator-reduction-small-platforms=262144"
    "memorysetup-temp-allocator-size-background-worker=32768"
    "memorysetup-temp-allocator-size-job-worker=262144"
    "memorysetup-temp-allocator-size-preload-manager=33554432"
    "memorysetup-temp-allocator-size-nav-mesh-worker=65536"
    "memorysetup-temp-allocator-size-audio-worker=65536"
    "memorysetup-temp-allocator-size-cloud-worker=32768"
    "memorysetup-temp-allocator-size-gi-baking-worker=262144"
    "memorysetup-temp-allocator-size-gfx=262144"
Refreshing native plugins compatible for Editor in 128.19 ms, found 2 plugins.
Preloading 0 native plugins for Editor in 0.00 ms.
Initialize engine version: 2021.3.8f1 (b30333d56e81)
[Subsystems] Discovering subsystems at path /Applications/Unity/Hub/Editor/2021.3.8f1/Unity.app/Contents/Resources/UnitySubsystems
[Subsystems] Discovering subsystems at path /Users/heotaegyun/Documents/GitHub/3D/FinalExam/Assets
GfxDevice: creating device client; threaded=0; jobified=0
 preferred device: Apple M1 (high power)
Metal devices available: 1
0: Apple M1 (high power)
Using device Apple M1 (high power)
Initializing Metal device caps: Apple M1
Initialize mono
Mono path[0] = '/Applications/Unity/Hub/Editor/2021.3.8f1/Unity.app/Contents/Managed'
Mono path[1] = '/Applications/Unity/Hub/Editor/2021.3.8f1/Unity.app/Contents/MonoBleedingEdge/lib/mono/unityjit-macos'
Mono config path = '/Applications/Unity/Hub/Editor/2021.3.8f1/Unity.app/Contents/MonoBleedingEdge/etc'
Using monoOptions --debugger-agent=transport=dt_socket,embedding=1,server=y,suspend=n,address=127.0.0.1:56588
Begin MonoManager ReloadAssembly
Registering precompiled unity dll's ...
Register platform support module: /Applications/Unity/Hub/Editor/2021.3.8f1/Unity.app/Contents/PlaybackEngines/MacStandaloneSupport/UnityEditor.OSXStandalone.Extensions.dll
Register platform support module: /Applications/Unity/Hub/Editor/2021.3.8f1/PlaybackEngines/iOSSupport/UnityEditor.iOS.Extensions.dll
Registered in 0.003391 seconds.
[usbmuxd] Start listen thread
[usbmuxd] Listen thread started
[usbmuxd] Send listen message
Native extension for iOS target not found
Native extension for OSXStandalone target not found
Refreshing native plugins compatible for Editor in 122.96 ms, found 2 plugins.
Preloading 0 native plugins for Editor in 0.00 ms.
Mono: successfully reloaded assembly
- Completed reload, in  0.695 seconds
Domain Reload Profiling:
	ReloadAssembly (695ms)
		BeginReloadAssembly (86ms)
			ExecutionOrderSort (0ms)
			DisableScriptedObjects (0ms)
			BackupInstance (0ms)
			ReleaseScriptingObjects (0ms)
			CreateAndSetChildDomain (1ms)
		EndReloadAssembly (517ms)
			LoadAssemblies (87ms)
			RebuildTransferFunctionScriptingTraits (0ms)
			SetupTypeCache (90ms)
			ReleaseScriptCaches (0ms)
			RebuildScriptCaches (27ms)
			SetupLoadedEditorAssemblies (362ms)
				LogAssemblyErrors (0ms)
				InitializePlatformSupportModulesInManaged (97ms)
				SetLoadedEditorAssemblies (0ms)
				RefreshPlugins (123ms)
				BeforeProcessingInitializeOnLoad (1ms)
				ProcessInitializeOnLoadAttributes (106ms)
				ProcessInitializeOnLoadMethodAttributes (34ms)
				AfterProcessingInitializeOnLoad (0ms)
				EditorAssembliesLoaded (0ms)
			ExecutionOrderSort2 (0ms)
			AwakeInstancesAfterBackupRestoration (0ms)
Platform modules already initialized, skipping
Registering precompiled user dll's ...
Registered in 0.003477 seconds.
Begin MonoManager ReloadAssembly
Symbol file LoadedFromMemory doesn't match image /Users/heotaegyun/Documents/GitHub/3D/FinalExam/Library/PackageCache/com.unity.visualscripting@1.7.8/Editor/VisualScripting.Core/Dependencies/YamlDotNet/Unity.VisualScripting.YamlDotNet.dll
Symbol file LoadedFromMemory doesn't match image /Users/heotaegyun/Documents/GitHub/3D/FinalExam/Library/PackageCache/com.unity.visualscripting@1.7.8/Editor/VisualScripting.Core/Dependencies/DotNetZip/Unity.VisualScripting.IonicZip.dll
Native extension for iOS target not found
Native extension for OSXStandalone target not found
Refreshing native plugins compatible for Editor in 0.65 ms, found 2 plugins.
Preloading 0 native plugins for Editor in 0.00 ms.
Mono: successfully reloaded assembly
- Completed reload, in  0.970 seconds
Domain Reload Profiling:
	ReloadAssembly (971ms)
		BeginReloadAssembly (71ms)
			ExecutionOrderSort (0ms)
			DisableScriptedObjects (4ms)
			BackupInstance (0ms)
			ReleaseScriptingObjects (0ms)
			CreateAndSetChildDomain (13ms)
		EndReloadAssembly (802ms)
			LoadAssemblies (84ms)
			RebuildTransferFunctionScriptingTraits (0ms)
			SetupTypeCache (231ms)
			ReleaseScriptCaches (1ms)
			RebuildScriptCaches (52ms)
			SetupLoadedEditorAssemblies (397ms)
				LogAssemblyErrors (0ms)
				InitializePlatformSupportModulesInManaged (19ms)
				SetLoadedEditorAssemblies (0ms)
				RefreshPlugins (1ms)
				BeforeProcessingInitializeOnLoad (94ms)
				ProcessInitializeOnLoadAttributes (251ms)
				ProcessInitializeOnLoadMethodAttributes (29ms)
				AfterProcessingInitializeOnLoad (3ms)
				EditorAssembliesLoaded (0ms)
			ExecutionOrderSort2 (0ms)
			AwakeInstancesAfterBackupRestoration (3ms)
Platform modules already initialized, skipping
========================================================================
Worker process is ready to serve import requests
Launching external process: /Applications/Unity/Hub/Editor/2021.3.8f1/Unity.app/Contents/Tools/UnityShaderCompiler
Launched and connected shader compiler UnityShaderCompiler after 0.08 seconds
Refreshing native plugins compatible for Editor in 0.62 ms, found 2 plugins.
Preloading 0 native plugins for Editor in 0.00 ms.
Unloading 3661 Unused Serialized files (Serialized files now loaded: 0)
Unloading 31 unused Assets / (39.9 KB). Loaded Objects now: 4124.
Memory consumption went from 179.6 MB to 179.5 MB.
Total: 3.243500 ms (FindLiveObjects: 0.140958 ms CreateObjectMapping: 0.065375 ms MarkObjects: 2.959083 ms  DeleteObjects: 0.077250 ms)

AssetImportParameters requested are different than current active one (requested -> active):
  custom:video-decoder-ogg-theora: a1e56fd34408186e4bbccfd4996cb3dc -> 
  custom:container-muxer-webm: aa71ff27fc2769a1b78a27578f13a17b -> 
  custom:container-demuxer-webm: 4f35f7cbe854078d1ac9338744f61a02 -> 
  custom:video-encoder-webm-vp8: eb34c28f22e8b96e1ab97ce403110664 -> 
  custom:framework-osx-AVFoundation: e770b220cccbd017edd2c1fefb359320 -> 
  custom:audio-encoder-webm-vorbis: bf7c407c2cedff20999df2af8eb42d56 -> 
  custom:container-demuxer-ogg: 62fdf1f143b41e24485cea50d1cbac27 -> 
  custom:video-decoder-webm-vp8: 9c59270c3fd7afecdb556c50c9e8de78 -> 
  custom:audio-decoder-ogg-vorbis: bf7c407c2cedff20999df2af8eb42d56 -> 
========================================================================
Received Import Request.
  Time since last request: 114618.796017 seconds.
  path: Assets/Sprites/UI/GUI PRO Kit - Casual Game/PSD
  artifactKey: Guid(0308b29b37d134f9fae786bfe557ef83) Importer(815301076,1909f56bfc062723c751e8b465ee728b)
Start importing Assets/Sprites/UI/GUI PRO Kit - Casual Game/PSD using Guid(0308b29b37d134f9fae786bfe557ef83) Importer(815301076,1909f56bfc062723c751e8b465ee728b)  -> (artifact id: '24871b9fb72e3133596ebf82feb149c3') in 0.006693 seconds 
========================================================================
Received Import Request.
  Time since last request: 0.000067 seconds.
  path: Assets/Sprites/UI/GUI PRO Kit - Casual Game
  artifactKey: Guid(8cf2db75b471b49a38afe5d2d3ce00b7) Importer(815301076,1909f56bfc062723c751e8b465ee728b)
Start importing Assets/Sprites/UI/GUI PRO Kit - Casual Game using Guid(8cf2db75b471b49a38afe5d2d3ce00b7) Importer(815301076,1909f56bfc062723c751e8b465ee728b)  -> (artifact id: 'e916f341747ffb7880f657f022698360') in 0.000766 seconds 
========================================================================
Received Import Request.
  Time since last request: 5.310886 seconds.
  path: Assets/Sprites/UI/GUI PRO Kit - Casual Game/PSD/Inbox.psd
  artifactKey: Guid(de03cc8a3cde44fbf821e8c5d1d334bc) Importer(815301076,1909f56bfc062723c751e8b465ee728b)
Start importing Assets/Sprites/UI/GUI PRO Kit - Casual Game/PSD/Inbox.psd using Guid(de03cc8a3cde44fbf821e8c5d1d334bc) Importer(815301076,1909f56bfc062723c751e8b465ee728b)  -> (artifact id: '5ce18162d1b8b9b2a58fe4a145730291') in 0.634795 seconds 
========================================================================
Received Import Request.
  Time since last request: 0.000052 seconds.
  path: Assets/Sprites/UI/GUI PRO Kit - Casual Game/PSD/Missions.psd
  artifactKey: Guid(c3dea2ae9cd1c48de9a3c8cbdb01987a) Importer(815301076,1909f56bfc062723c751e8b465ee728b)
Start importing Assets/Sprites/UI/GUI PRO Kit - Casual Game/PSD/Missions.psd using Guid(c3dea2ae9cd1c48de9a3c8cbdb01987a) Importer(815301076,1909f56bfc062723c751e8b465ee728b)  -> (artifact id: 'ac5d8878b576e20503f3ef438d7f7c45') in 0.147772 seconds 
========================================================================
Received Import Request.
  Time since last request: 0.000036 seconds.
  path: Assets/Sprites/UI/GUI PRO Kit - Casual Game/PSD/LockScreen.psd
  artifactKey: Guid(894fa2c01b14a406c9b39507d85dc5dd) Importer(815301076,1909f56bfc062723c751e8b465ee728b)
Start importing Assets/Sprites/UI/GUI PRO Kit - Casual Game/PSD/LockScreen.psd using Guid(894fa2c01b14a406c9b39507d85dc5dd) Importer(815301076,1909f56bfc062723c751e8b465ee728b)  -> (artifact id: '4e367f1520a5fde175d57b567745c8e0') in 0.129881 seconds 
========================================================================
Received Import Request.
  Time since last request: 0.000049 seconds.
  path: Assets/Sprites/UI/GUI PRO Kit - Casual Game/PSD/Inventory.psd
  artifactKey: Guid(6a1825852c527454d805db8a9c7d58cf) Importer(815301076,1909f56bfc062723c751e8b465ee728b)
Start importing Assets/Sprites/UI/GUI PRO Kit - Casual Game/PSD/Inventory.psd using Guid(6a1825852c527454d805db8a9c7d58cf) Importer(815301076,1909f56bfc062723c751e8b465ee728b)  -> (artifact id: '754cdd4a22299f295676f2323afebdf6') in 0.160389 seconds 
========================================================================
Received Import Request.
  Time since last request: 0.000063 seconds.
  path: Assets/Sprites/UI/GUI PRO Kit - Casual Game/PSD/Offline.psd
  artifactKey: Guid(c526ce518ebf54692b46e7f08743e7e3) Importer(815301076,1909f56bfc062723c751e8b465ee728b)
Start importing Assets/Sprites/UI/GUI PRO Kit - Casual Game/PSD/Offline.psd using Guid(c526ce518ebf54692b46e7f08743e7e3) Importer(815301076,1909f56bfc062723c751e8b465ee728b)  -> (artifact id: '257bb00d24cd180c7cdaf6a887d1b0f6') in 0.136828 seconds 
========================================================================
Received Import Request.
  Time since last request: 0.832301 seconds.
  path: Assets/Sprites/UI/GUI PRO Kit - Casual Game/PSD/PopupChecking.psd
  artifactKey: Guid(e5ceca90e2be04319899634c96efd02a) Importer(815301076,1909f56bfc062723c751e8b465ee728b)
Start importing Assets/Sprites/UI/GUI PRO Kit - Casual Game/PSD/PopupChecking.psd using Guid(e5ceca90e2be04319899634c96efd02a) Importer(815301076,1909f56bfc062723c751e8b465ee728b)  -> (artifact id: 'd80e47048e1b857ba43d3d7153c40596') in 0.146753 seconds 
========================================================================
Received Import Request.
  Time since last request: 0.000052 seconds.
  path: Assets/Sprites/UI/GUI PRO Kit - Casual Game/PSD/PopupEUALPrivacy.psd
  artifactKey: Guid(e91bec2a09f2747399477de51b361f2e) Importer(815301076,1909f56bfc062723c751e8b465ee728b)
Start importing Assets/Sprites/UI/GUI PRO Kit - Casual Game/PSD/PopupEUALPrivacy.psd using Guid(e91bec2a09f2747399477de51b361f2e) Importer(815301076,1909f56bfc062723c751e8b465ee728b)  -> (artifact id: 'e81f0804ba1def379177337fd607919b') in 0.149083 seconds 
========================================================================
Received Import Request.
  Time since last request: 0.559213 seconds.
  path: Assets/Sprites/UI/GUI PRO Kit - Casual Game/PSD/PopupRewardGet.psd
  artifactKey: Guid(e2c797541710f44008e330f9cfe7a0b6) Importer(815301076,1909f56bfc062723c751e8b465ee728b)
Start importing Assets/Sprites/UI/GUI PRO Kit - Casual Game/PSD/PopupRewardGet.psd using Guid(e2c797541710f44008e330f9cfe7a0b6) Importer(815301076,1909f56bfc062723c751e8b465ee728b)  -> (artifact id: '58d67dd0dcb9d1b7dd036e1524c1d506') in 0.133464 seconds 
========================================================================
Received Import Request.
  Time since last request: 0.000080 seconds.
  path: Assets/Sprites/UI/GUI PRO Kit - Casual Game/PSD/PopupSignup.psd
  artifactKey: Guid(878a9886b65f546718ed48827d598a0a) Importer(815301076,1909f56bfc062723c751e8b465ee728b)
Start importing Assets/Sprites/UI/GUI PRO Kit - Casual Game/PSD/PopupSignup.psd using Guid(878a9886b65f546718ed48827d598a0a) Importer(815301076,1909f56bfc062723c751e8b465ee728b)  -> (artifact id: 'fc4f7ddc047cfb28424961b1864f9798') in 0.139167 seconds 
========================================================================
Received Import Request.
  Time since last request: 0.000051 seconds.
  path: Assets/Sprites/UI/GUI PRO Kit - Casual Game/PSD/StageSelect1Depth.psd
  artifactKey: Guid(dae1cb6e759b448a282525df56c68706) Importer(815301076,1909f56bfc062723c751e8b465ee728b)
Start importing Assets/Sprites/UI/GUI PRO Kit - Casual Game/PSD/StageSelect1Depth.psd using Guid(dae1cb6e759b448a282525df56c68706) Importer(815301076,1909f56bfc062723c751e8b465ee728b)  -> (artifact id: '428e1cdafbd949fa7d23176649e4f3fb') in 0.147319 seconds 
========================================================================
Received Import Request.
  Time since last request: 0.000043 seconds.
  path: Assets/Sprites/UI/GUI PRO Kit - Casual Game/PSD/Rate.psd
  artifactKey: Guid(1f51cf4cba6d445a38d29814ec3c6422) Importer(815301076,1909f56bfc062723c751e8b465ee728b)
Start importing Assets/Sprites/UI/GUI PRO Kit - Casual Game/PSD/Rate.psd using Guid(1f51cf4cba6d445a38d29814ec3c6422) Importer(815301076,1909f56bfc062723c751e8b465ee728b)  -> (artifact id: 'bce24c1e735c1c5944673e0176b0e300') in 0.152128 seconds 
========================================================================
Received Import Request.
  Time since last request: 0.000050 seconds.
  path: Assets/Sprites/UI/GUI PRO Kit - Casual Game/PSD/Setting.psd
  artifactKey: Guid(b7f263e75515d4601b9ab06e7260cc00) Importer(815301076,1909f56bfc062723c751e8b465ee728b)
Start importing Assets/Sprites/UI/GUI PRO Kit - Casual Game/PSD/Setting.psd using Guid(b7f263e75515d4601b9ab06e7260cc00) Importer(815301076,1909f56bfc062723c751e8b465ee728b)  -> (artifact id: '8a177ef266fd348e85dae7bd431cf8f8') in 0.133521 seconds 
========================================================================
Received Import Request.
  Time since last request: 0.000037 seconds.
  path: Assets/Sprites/UI/GUI PRO Kit - Casual Game/PSD/TutorialCharacter.psd
  artifactKey: Guid(77ef52213baf84dfc8b6ab86f202d640) Importer(815301076,1909f56bfc062723c751e8b465ee728b)
Start importing Assets/Sprites/UI/GUI PRO Kit - Casual Game/PSD/TutorialCharacter.psd using Guid(77ef52213baf84dfc8b6ab86f202d640) Importer(815301076,1909f56bfc062723c751e8b465ee728b)  -> (artifact id: 'ac6e15d55a714d1cfdbb040de15c9478') in 0.163339 seconds 
========================================================================
Received Import Request.
  Time since last request: 0.000046 seconds.
  path: Assets/Sprites/UI/GUI PRO Kit - Casual Game/PSD/Title.psd
  artifactKey: Guid(db2e7f19f12974e4bb1105887e645eca) Importer(815301076,1909f56bfc062723c751e8b465ee728b)
Start importing Assets/Sprites/UI/GUI PRO Kit - Casual Game/PSD/Title.psd using Guid(db2e7f19f12974e4bb1105887e645eca) Importer(815301076,1909f56bfc062723c751e8b465ee728b)  -> (artifact id: 'f67fdb7b424b065331b86b1d2ac085ae') in 0.194845 seconds 
========================================================================
Received Import Request.
  Time since last request: 0.000061 seconds.
  path: Assets/Sprites/UI/GUI PRO Kit - Casual Game/PSD/RewardWeek.psd
  artifactKey: Guid(e89b3a09006014e60bba969723b1f186) Importer(815301076,1909f56bfc062723c751e8b465ee728b)
Start importing Assets/Sprites/UI/GUI PRO Kit - Casual Game/PSD/RewardWeek.psd using Guid(e89b3a09006014e60bba969723b1f186) Importer(815301076,1909f56bfc062723c751e8b465ee728b)  -> (artifact id: '2d8aaab121634525564774c16cd61601') in 0.155015 seconds 
========================================================================
Received Import Request.
  Time since last request: 0.000089 seconds.
  path: Assets/Sprites/UI/GUI PRO Kit - Casual Game/PSD/RuneFuse.psd
  artifactKey: Guid(b5521ba5c7a07409ca41646900f3124c) Importer(815301076,1909f56bfc062723c751e8b465ee728b)
Start importing Assets/Sprites/UI/GUI PRO Kit - Casual Game/PSD/RuneFuse.psd using Guid(b5521ba5c7a07409ca41646900f3124c) Importer(815301076,1909f56bfc062723c751e8b465ee728b)  -> (artifact id: '9c892783c8e81b89b59f52290d8dc34a') in 0.165291 seconds 
========================================================================
Received Import Request.
  Time since last request: 0.000047 seconds.
  path: Assets/Sprites/UI/GUI PRO Kit - Casual Game/PSD/Shop0.psd
  artifactKey: Guid(196d9c742d12e4a9997070aff8674abc) Importer(815301076,1909f56bfc062723c751e8b465ee728b)
Start importing Assets/Sprites/UI/GUI PRO Kit - Casual Game/PSD/Shop0.psd using Guid(196d9c742d12e4a9997070aff8674abc) Importer(815301076,1909f56bfc062723c751e8b465ee728b)  -> (artifact id: '98163767ef84536a6c146410e463b64e') in 0.162090 seconds 
========================================================================
Received Import Request.
  Time since last request: 0.000068 seconds.
  path: Assets/Sprites/UI/GUI PRO Kit - Casual Game/PSD/TutorialHand.psd
  artifactKey: Guid(ca91dcd79cf044333a722128a2d8885b) Importer(815301076,1909f56bfc062723c751e8b465ee728b)
Start importing Assets/Sprites/UI/GUI PRO Kit - Casual Game/PSD/TutorialHand.psd using Guid(ca91dcd79cf044333a722128a2d8885b) Importer(815301076,1909f56bfc062723c751e8b465ee728b)  -> (artifact id: 'dbae793847b397350c2c31fd8845cfb9') in 0.168749 seconds 
========================================================================
Received Import Request.
  Time since last request: 25.418277 seconds.
  path: Assets/Sprites/UI/GUI PRO Kit - Casual Game/Prefabs/Prefabs_Component_Buttons/Btn ↓↓↓↓↓↓↓↓↓↓↓↓↓↓↓↓↓↓.prefab
  artifactKey: Guid(95ce38ef8b364492db1ef5947c08316f) Importer(815301076,1909f56bfc062723c751e8b465ee728b)
Start importing Assets/Sprites/UI/GUI PRO Kit - Casual Game/Prefabs/Prefabs_Component_Buttons/Btn ↓↓↓↓↓↓↓↓↓↓↓↓↓↓↓↓↓↓.prefab using Guid(95ce38ef8b364492db1ef5947c08316f) Importer(815301076,1909f56bfc062723c751e8b465ee728b)  -> (artifact id: '4641a7b692162514b6772d151f02e91e') in 0.539530 seconds 
========================================================================
Received Import Request.
  Time since last request: 0.000078 seconds.
  path: Assets/Sprites/UI/GUI PRO Kit - Casual Game/Prefabs/Prefabs_Component_Buttons/Btn_MainButton-Group-.prefab
  artifactKey: Guid(3d504a9ad5c3c41eaa1e637d4e5db64a) Importer(815301076,1909f56bfc062723c751e8b465ee728b)
Start importing Assets/Sprites/UI/GUI PRO Kit - Casual Game/Prefabs/Prefabs_Component_Buttons/Btn_MainButton-Group-.prefab using Guid(3d504a9ad5c3c41eaa1e637d4e5db64a) Importer(815301076,1909f56bfc062723c751e8b465ee728b)  -> (artifact id: 'bffc46988456f1887b8a71ecc4e6cc32') in 0.046862 seconds 
========================================================================
Received Import Request.
  Time since last request: 0.000077 seconds.
  path: Assets/Sprites/UI/GUI PRO Kit - Casual Game/Prefabs/Prefabs_Component_Buttons/Btn_OtherButton_SideButton02_Right.prefab
  artifactKey: Guid(4271882bd9b874fd4b12aede30dd42ec) Importer(815301076,1909f56bfc062723c751e8b465ee728b)
Start importing Assets/Sprites/UI/GUI PRO Kit - Casual Game/Prefabs/Prefabs_Component_Buttons/Btn_OtherButton_SideButton02_Right.prefab using Guid(4271882bd9b874fd4b12aede30dd42ec) Importer(815301076,1909f56bfc062723c751e8b465ee728b)  -> (artifact id: '721419f26c68b2c2758171e0a9d39812') in 0.003247 seconds 
========================================================================
Received Import Request.
  Time since last request: 0.000064 seconds.
  path: Assets/Sprites/UI/GUI PRO Kit - Casual Game/Prefabs/Prefabs_Component_Buttons/Btn_MainButton_White.prefab
  artifactKey: Guid(8ba6aaa54c2a54fc89efad79b667970d) Importer(815301076,1909f56bfc062723c751e8b465ee728b)
Start importing Assets/Sprites/UI/GUI PRO Kit - Casual Game/Prefabs/Prefabs_Component_Buttons/Btn_MainButton_White.prefab using Guid(8ba6aaa54c2a54fc89efad79b667970d) Importer(815301076,1909f56bfc062723c751e8b465ee728b)  -> (artifact id: 'f0f9e89275d41f2c0a7aba1c71644e7b') in 0.008612 seconds 
========================================================================
Received Import Request.
  Time since last request: 0.000066 seconds.
  path: Assets/Sprites/UI/GUI PRO Kit - Casual Game/Prefabs/Prefabs_Component_Buttons/Btn_OtherButton_Square02.prefab
  artifactKey: Guid(7ff6613f1b6c54467a8faf21ff261247) Importer(815301076,1909f56bfc062723c751e8b465ee728b)
Start importing Assets/Sprites/UI/GUI PRO Kit - Casual Game/Prefabs/Prefabs_Component_Buttons/Btn_OtherButton_Square02.prefab using Guid(7ff6613f1b6c54467a8faf21ff261247) Importer(815301076,1909f56bfc062723c751e8b465ee728b)  -> (artifact id: '5cb2cd2b4ee55ec38aeb73d08c738bf1') in 0.002956 seconds 
========================================================================
Received Import Request.
  Time since last request: 0.000103 seconds.
  path: Assets/Sprites/UI/GUI PRO Kit - Casual Game/Prefabs/Prefabs_Component_Buttons/Btn_MainButton_Sky.prefab
  artifactKey: Guid(889608bb0f2024861b25e0b3c772326e) Importer(815301076,1909f56bfc062723c751e8b465ee728b)
Start importing Assets/Sprites/UI/GUI PRO Kit - Casual Game/Prefabs/Prefabs_Component_Buttons/Btn_MainButton_Sky.prefab using Guid(889608bb0f2024861b25e0b3c772326e) Importer(815301076,1909f56bfc062723c751e8b465ee728b)  -> (artifact id: '8b0970b7e22143e2dac11f17f5e21a06') in 0.021225 seconds 
========================================================================
Received Import Request.
  Time since last request: 0.000049 seconds.
  path: Assets/Sprites/UI/GUI PRO Kit - Casual Game/Prefabs/Prefabs_Component_Buttons/Btn_OtherButton_Polygon02.prefab
  artifactKey: Guid(af3f4ebe4147149bda4ec06e4544153b) Importer(815301076,1909f56bfc062723c751e8b465ee728b)
Start importing Assets/Sprites/UI/GUI PRO Kit - Casual Game/Prefabs/Prefabs_Component_Buttons/Btn_OtherButton_Polygon02.prefab using Guid(af3f4ebe4147149bda4ec06e4544153b) Importer(815301076,1909f56bfc062723c751e8b465ee728b)  -> (artifact id: 'a5a4e53af58c39333127ba4463702264') in 0.021701 seconds 
========================================================================
Received Import Request.
  Time since last request: 0.000048 seconds.
  path: Assets/Sprites/UI/GUI PRO Kit - Casual Game/Prefabs/Prefabs_Component_Buttons/Btn_OtherButton_Square05.prefab
  artifactKey: Guid(923c23b8593254dc5aa874dc22afce97) Importer(815301076,1909f56bfc062723c751e8b465ee728b)
Start importing Assets/Sprites/UI/GUI PRO Kit - Casual Game/Prefabs/Prefabs_Component_Buttons/Btn_OtherButton_Square05.prefab using Guid(923c23b8593254dc5aa874dc22afce97) Importer(815301076,1909f56bfc062723c751e8b465ee728b)  -> (artifact id: '4203fea179a1f987fbf837d6985c3830') in 0.002876 seconds 
========================================================================
Received Import Request.
  Time since last request: 0.000078 seconds.
  path: Assets/Sprites/UI/GUI PRO Kit - Casual Game/Prefabs/Prefabs_Component_Buttons/Btn_MainButton_Gray.prefab
  artifactKey: Guid(bdb8da037ac62489d9b2f6b1250107a3) Importer(815301076,1909f56bfc062723c751e8b465ee728b)
Start importing Assets/Sprites/UI/GUI PRO Kit - Casual Game/Prefabs/Prefabs_Component_Buttons/Btn_MainButton_Gray.prefab using Guid(bdb8da037ac62489d9b2f6b1250107a3) Importer(815301076,1909f56bfc062723c751e8b465ee728b)  -> (artifact id: 'bfb2ee2741d0da7db0d6d857dec93af5') in 0.021825 seconds 
========================================================================
Received Import Request.
  Time since last request: 0.000095 seconds.
  path: Assets/Sprites/UI/GUI PRO Kit - Casual Game/Prefabs/Prefabs_Component_Buttons/Btn_OtherButton_Square06.prefab
  artifactKey: Guid(d21c37bdbcc744219a752b64f206e898) Importer(815301076,1909f56bfc062723c751e8b465ee728b)
Start importing Assets/Sprites/UI/GUI PRO Kit - Casual Game/Prefabs/Prefabs_Component_Buttons/Btn_OtherButton_Square06.prefab using Guid(d21c37bdbcc744219a752b64f206e898) Importer(815301076,1909f56bfc062723c751e8b465ee728b)  -> (artifact id: '23bd01ff86f6aa3f8e6ad74302ccdeb0') in 0.003322 seconds 
========================================================================
Received Import Request.
  Time since last request: 0.000064 seconds.
  path: Assets/Sprites/UI/GUI PRO Kit - Casual Game/Prefabs/Prefabs_Component_Buttons/Btn_OtherButton_Square03_Blue.prefab
  artifactKey: Guid(95611a4ae71f8491cb11d410875147bd) Importer(815301076,1909f56bfc062723c751e8b465ee728b)
Start importing Assets/Sprites/UI/GUI PRO Kit - Casual Game/Prefabs/Prefabs_Component_Buttons/Btn_OtherButton_Square03_Blue.prefab using Guid(95611a4ae71f8491cb11d410875147bd) Importer(815301076,1909f56bfc062723c751e8b465ee728b)  -> (artifact id: 'd191bbde56900cfb9c27e461be44e02e') in 0.008441 seconds 
========================================================================
Received Import Request.
  Time since last request: 0.000052 seconds.
  path: Assets/Sprites/UI/GUI PRO Kit - Casual Game/Prefabs/Prefabs_Component_Buttons/Btn_OtherButton_SideButton01_Left.prefab
  artifactKey: Guid(c4727d5c45d9d41c3a274e7ffab962dc) Importer(815301076,1909f56bfc062723c751e8b465ee728b)
Start importing Assets/Sprites/UI/GUI PRO Kit - Casual Game/Prefabs/Prefabs_Component_Buttons/Btn_OtherButton_SideButton01_Left.prefab using Guid(c4727d5c45d9d41c3a274e7ffab962dc) Importer(815301076,1909f56bfc062723c751e8b465ee728b)  -> (artifact id: '3756023128da123472e1ec33ea3527fb') in 0.003146 seconds 
========================================================================
Received Import Request.
  Time since last request: 0.000053 seconds.
  path: Assets/Sprites/UI/GUI PRO Kit - Casual Game/Prefabs/Prefabs_Component_Buttons/Btn_MainButton_Red.prefab
  artifactKey: Guid(9a8b60df0dfe24bbf9cace34d56930ad) Importer(815301076,1909f56bfc062723c751e8b465ee728b)
Start importing Assets/Sprites/UI/GUI PRO Kit - Casual Game/Prefabs/Prefabs_Component_Buttons/Btn_MainButton_Red.prefab using Guid(9a8b60df0dfe24bbf9cace34d56930ad) Importer(815301076,1909f56bfc062723c751e8b465ee728b)  -> (artifact id: '9a8c107c1a670976ed2fc805d0998b81') in 0.022056 seconds 
========================================================================
Received Import Request.
  Time since last request: 0.000093 seconds.
  path: Assets/Sprites/UI/GUI PRO Kit - Casual Game/Prefabs/Prefabs_Component_Buttons/Btn_OtherButton_Square08.prefab
  artifactKey: Guid(b7b74df048b214bc18025b5f7193ff6c) Importer(815301076,1909f56bfc062723c751e8b465ee728b)
Start importing Assets/Sprites/UI/GUI PRO Kit - Casual Game/Prefabs/Prefabs_Component_Buttons/Btn_OtherButton_Square08.prefab using Guid(b7b74df048b214bc18025b5f7193ff6c) Importer(815301076,1909f56bfc062723c751e8b465ee728b)  -> (artifact id: '0fcbf060fd4d609c613a13227bc9f240') in 0.008996 seconds 
========================================================================
Received Import Request.
  Time since last request: 0.000047 seconds.
  path: Assets/Sprites/UI/GUI PRO Kit - Casual Game/Prefabs/Prefabs_Component_Buttons/Btn_MainButton_Purple.prefab
  artifactKey: Guid(b0f639c3f42fa45f88859cda7d1ee061) Importer(815301076,1909f56bfc062723c751e8b465ee728b)
Start importing Assets/Sprites/UI/GUI PRO Kit - Casual Game/Prefabs/Prefabs_Component_Buttons/Btn_MainButton_Purple.prefab using Guid(b0f639c3f42fa45f88859cda7d1ee061) Importer(815301076,1909f56bfc062723c751e8b465ee728b)  -> (artifact id: '6dbb87ad917e38ba14bf90035aad29a8') in 0.021636 seconds 
========================================================================
Received Import Request.
  Time since last request: 0.000047 seconds.
  path: Assets/Sprites/UI/GUI PRO Kit - Casual Game/Prefabs/Prefabs_Component_Buttons/Btn_MainButton_Yellow.prefab
  artifactKey: Guid(aa27390216c3a4dd89ce5cf5ad82da72) Importer(815301076,1909f56bfc062723c751e8b465ee728b)
Start importing Assets/Sprites/UI/GUI PRO Kit - Casual Game/Prefabs/Prefabs_Component_Buttons/Btn_MainButton_Yellow.prefab using Guid(aa27390216c3a4dd89ce5cf5ad82da72) Importer(815301076,1909f56bfc062723c751e8b465ee728b)  -> (artifact id: '0fea62f32b7b0bbf3e28955f70ee62a0') in 0.022644 seconds 
========================================================================
Received Import Request.
  Time since last request: 2.693737 seconds.
  path: Assets/Sprites/UI/GUI PRO Kit - Casual Game/Prefabs/Prefabs_Component_Frames/_PrefabsPanel_CardFrames.prefab
  artifactKey: Guid(a5115502a48b741ddb2b5ba45d38d828) Importer(815301076,1909f56bfc062723c751e8b465ee728b)
Start importing Assets/Sprites/UI/GUI PRO Kit - Casual Game/Prefabs/Prefabs_Component_Frames/_PrefabsPanel_CardFrames.prefab using Guid(a5115502a48b741ddb2b5ba45d38d828) Importer(815301076,1909f56bfc062723c751e8b465ee728b)  -> (artifact id: '9331d02fd909ca6191e4da11fcdbb2de') in 0.053783 seconds 
========================================================================
Received Import Request.
  Time since last request: 0.000053 seconds.
  path: Assets/Sprites/UI/GUI PRO Kit - Casual Game/Prefabs/Prefabs_Component_Frames/Frame_ItemFrame01-Group-.prefab
  artifactKey: Guid(c9146a496ea614f8a9c3883d07538c66) Importer(815301076,1909f56bfc062723c751e8b465ee728b)
Start importing Assets/Sprites/UI/GUI PRO Kit - Casual Game/Prefabs/Prefabs_Component_Frames/Frame_ItemFrame01-Group-.prefab using Guid(c9146a496ea614f8a9c3883d07538c66) Importer(815301076,1909f56bfc062723c751e8b465ee728b)  -> (artifact id: 'eec21827f54c1631b629be3392cc3f03') in 0.015512 seconds 
========================================================================
Received Import Request.
  Time since last request: 0.000043 seconds.
  path: Assets/Sprites/UI/GUI PRO Kit - Casual Game/Prefabs/Prefabs_Component_Frames/Frame_BasicFrame_Circle02.prefab
  artifactKey: Guid(50c4ff36ae9ca4b989a18a63a84b8dca) Importer(815301076,1909f56bfc062723c751e8b465ee728b)
Start importing Assets/Sprites/UI/GUI PRO Kit - Casual Game/Prefabs/Prefabs_Component_Frames/Frame_BasicFrame_Circle02.prefab using Guid(50c4ff36ae9ca4b989a18a63a84b8dca) Importer(815301076,1909f56bfc062723c751e8b465ee728b)  -> (artifact id: '43b5eeb605739b73486906e1757bfa30') in 0.009790 seconds 
========================================================================
Received Import Request.
  Time since last request: 0.000068 seconds.
  path: Assets/Sprites/UI/GUI PRO Kit - Casual Game/Prefabs/Prefabs_Component_Frames/Frame_ItemFrame03-Group-.prefab
  artifactKey: Guid(1077aa3e225bc4ee1a11738fa96f538d) Importer(815301076,1909f56bfc062723c751e8b465ee728b)
Start importing Assets/Sprites/UI/GUI PRO Kit - Casual Game/Prefabs/Prefabs_Component_Frames/Frame_ItemFrame03-Group-.prefab using Guid(1077aa3e225bc4ee1a11738fa96f538d) Importer(815301076,1909f56bfc062723c751e8b465ee728b)  -> (artifact id: 'ee5ce5aee46b2c8af4e0dddf44788c0e') in 0.039896 seconds 
========================================================================
Received Import Request.
  Time since last request: 0.000049 seconds.
  path: Assets/Sprites/UI/GUI PRO Kit - Casual Game/Prefabs/Prefabs_Component_Frames/Frame_CardFrame02-Group-.prefab
  artifactKey: Guid(f5beb515fbc434fd8ae1776e322c3fc9) Importer(815301076,1909f56bfc062723c751e8b465ee728b)
Start importing Assets/Sprites/UI/GUI PRO Kit - Casual Game/Prefabs/Prefabs_Component_Frames/Frame_CardFrame02-Group-.prefab using Guid(f5beb515fbc434fd8ae1776e322c3fc9) Importer(815301076,1909f56bfc062723c751e8b465ee728b)  -> (artifact id: '801fef62651c6021094d254468f67a86') in 0.004629 seconds 
========================================================================
Received Import Request.
  Time since last request: 0.000056 seconds.
  path: Assets/Sprites/UI/GUI PRO Kit - Casual Game/Prefabs/Prefabs_Component_Frames/Frame_CardFrame04-Group-.prefab
  artifactKey: Guid(26bbf832391254e1984ee0a4f534b8f2) Importer(815301076,1909f56bfc062723c751e8b465ee728b)
Start importing Assets/Sprites/UI/GUI PRO Kit - Casual Game/Prefabs/Prefabs_Component_Frames/Frame_CardFrame04-Group-.prefab using Guid(26bbf832391254e1984ee0a4f534b8f2) Importer(815301076,1909f56bfc062723c751e8b465ee728b)  -> (artifact id: '9d88d4636efc6c131cb21e29ae1993ac') in 0.030383 seconds 
========================================================================
Received Import Request.
  Time since last request: 0.000070 seconds.
  path: Assets/Sprites/UI/GUI PRO Kit - Casual Game/Prefabs/Prefabs_Component_Frames/_PrefabsPanel_ItemFrames.prefab
  artifactKey: Guid(0ac2edb56a7f64cd0b24492680ee1bfd) Importer(815301076,1909f56bfc062723c751e8b465ee728b)
Start importing Assets/Sprites/UI/GUI PRO Kit - Casual Game/Prefabs/Prefabs_Component_Frames/_PrefabsPanel_ItemFrames.prefab using Guid(0ac2edb56a7f64cd0b24492680ee1bfd) Importer(815301076,1909f56bfc062723c751e8b465ee728b)  -> (artifact id: '7829360a048beec995119728372d42a4') in 0.085747 seconds 
========================================================================
Received Import Request.
  Time since last request: 0.000048 seconds.
  path: Assets/Sprites/UI/GUI PRO Kit - Casual Game/Prefabs/Prefabs_Component_Frames/Frame_BasicFrame_Gradient01.prefab
  artifactKey: Guid(07e21a86d67f041109137b45938649e1) Importer(815301076,1909f56bfc062723c751e8b465ee728b)
Start importing Assets/Sprites/UI/GUI PRO Kit - Casual Game/Prefabs/Prefabs_Component_Frames/Frame_BasicFrame_Gradient01.prefab using Guid(07e21a86d67f041109137b45938649e1) Importer(815301076,1909f56bfc062723c751e8b465ee728b)  -> (artifact id: '708a03373ea611671f24997b923a8a79') in 0.021713 seconds 
========================================================================
Received Import Request.
  Time since last request: 0.000052 seconds.
  path: Assets/Sprites/UI/GUI PRO Kit - Casual Game/Prefabs/Prefabs_Component_Frames/Frame_BasicFrame_Square01.prefab
  artifactKey: Guid(d51c75cad271d4f95b84c5d1145a653d) Importer(815301076,1909f56bfc062723c751e8b465ee728b)
Start importing Assets/Sprites/UI/GUI PRO Kit - Casual Game/Prefabs/Prefabs_Component_Frames/Frame_BasicFrame_Square01.prefab using Guid(d51c75cad271d4f95b84c5d1145a653d) Importer(815301076,1909f56bfc062723c751e8b465ee728b)  -> (artifact id: '77fee7964bb58a258e22ce900b0ad691') in 0.029375 seconds 
========================================================================
Received Import Request.
  Time since last request: 0.000064 seconds.
  path: Assets/Sprites/UI/GUI PRO Kit - Casual Game/Prefabs/Prefabs_Component_Frames/Frame_BasicFrame_Square02.prefab
  artifactKey: Guid(4ba064c267adc48f59eb31bc1ead0951) Importer(815301076,1909f56bfc062723c751e8b465ee728b)
Start importing Assets/Sprites/UI/GUI PRO Kit - Casual Game/Prefabs/Prefabs_Component_Frames/Frame_BasicFrame_Square02.prefab using Guid(4ba064c267adc48f59eb31bc1ead0951) Importer(815301076,1909f56bfc062723c751e8b465ee728b)  -> (artifact id: '2902d00d6a89d36cb85488a215e99a17') in 0.008963 seconds 
========================================================================
Received Import Request.
  Time since last request: 0.000048 seconds.
  path: Assets/Sprites/UI/GUI PRO Kit - Casual Game/Prefabs/Prefabs_Component_Frames/Frame_ItemFrame05-Group-.prefab
  artifactKey: Guid(6c37dfb11d0de47aaa7c9f115b7d38ca) Importer(815301076,1909f56bfc062723c751e8b465ee728b)
Start importing Assets/Sprites/UI/GUI PRO Kit - Casual Game/Prefabs/Prefabs_Component_Frames/Frame_ItemFrame05-Group-.prefab using Guid(6c37dfb11d0de47aaa7c9f115b7d38ca) Importer(815301076,1909f56bfc062723c751e8b465ee728b)  -> (artifact id: '1098980481b936a7e3c25529ac9b16b7') in 0.010313 seconds 
========================================================================
Received Import Request.
  Time since last request: 1.357311 seconds.
  path: Assets/Sprites/UI/GUI PRO Kit - Casual Game/Prefabs/Prefabs_Component_Label/Label ↓↓↓↓↓↓↓↓↓↓↓↓↓↓↓.prefab
  artifactKey: Guid(0b818ef921ee1438c8781a494b75f66a) Importer(815301076,1909f56bfc062723c751e8b465ee728b)
Start importing Assets/Sprites/UI/GUI PRO Kit - Casual Game/Prefabs/Prefabs_Component_Label/Label ↓↓↓↓↓↓↓↓↓↓↓↓↓↓↓.prefab using Guid(0b818ef921ee1438c8781a494b75f66a) Importer(815301076,1909f56bfc062723c751e8b465ee728b)  -> (artifact id: '925ba9ae6be39ca3092649285b37a991') in 0.003042 seconds 
========================================================================
Received Import Request.
  Time since last request: 0.000045 seconds.
  path: Assets/Sprites/UI/GUI PRO Kit - Casual Game/Prefabs/Prefabs_Component_Label/Label_LeftLabel01_Green.prefab
  artifactKey: Guid(f08fde50290394068839a1443ba94d5b) Importer(815301076,1909f56bfc062723c751e8b465ee728b)
Start importing Assets/Sprites/UI/GUI PRO Kit - Casual Game/Prefabs/Prefabs_Component_Label/Label_LeftLabel01_Green.prefab using Guid(f08fde50290394068839a1443ba94d5b) Importer(815301076,1909f56bfc062723c751e8b465ee728b)  -> (artifact id: '6d0513d77fc432c9b7b04b1a73f5aac3') in 0.009180 seconds 
========================================================================
Received Import Request.
  Time since last request: 0.000050 seconds.
  path: Assets/Sprites/UI/GUI PRO Kit - Casual Game/Prefabs/Prefabs_Component_Label/Label_SpeechBubble02.prefab
  artifactKey: Guid(ce96e44aa82a544ffa7f96557f4d4c05) Importer(815301076,1909f56bfc062723c751e8b465ee728b)
Start importing Assets/Sprites/UI/GUI PRO Kit - Casual Game/Prefabs/Prefabs_Component_Label/Label_SpeechBubble02.prefab using Guid(ce96e44aa82a544ffa7f96557f4d4c05) Importer(815301076,1909f56bfc062723c751e8b465ee728b)  -> (artifact id: 'e4def3cb68f64ac2a78113748c60f9d4') in 0.031948 seconds 
========================================================================
Received Import Request.
  Time since last request: 0.000056 seconds.
  path: Assets/Sprites/UI/GUI PRO Kit - Casual Game/Prefabs/Prefabs_Component_Label/Label_BasicLabel01.prefab
  artifactKey: Guid(a5924ef843edd431a960ddbda1d240af) Importer(815301076,1909f56bfc062723c751e8b465ee728b)
Start importing Assets/Sprites/UI/GUI PRO Kit - Casual Game/Prefabs/Prefabs_Component_Label/Label_BasicLabel01.prefab using Guid(a5924ef843edd431a960ddbda1d240af) Importer(815301076,1909f56bfc062723c751e8b465ee728b)  -> (artifact id: '57564f2b1a111c9f581500605ef8fa33') in 0.009348 seconds 
========================================================================
Received Import Request.
  Time since last request: 0.000052 seconds.
  path: Assets/Sprites/UI/GUI PRO Kit - Casual Game/Prefabs/Prefabs_Component_Label/Label_BasicLabel03.prefab
  artifactKey: Guid(7f21742d8c1bd467ca403b96aa9cf00e) Importer(815301076,1909f56bfc062723c751e8b465ee728b)
Start importing Assets/Sprites/UI/GUI PRO Kit - Casual Game/Prefabs/Prefabs_Component_Label/Label_BasicLabel03.prefab using Guid(7f21742d8c1bd467ca403b96aa9cf00e) Importer(815301076,1909f56bfc062723c751e8b465ee728b)  -> (artifact id: '9deae52341a816da3a79cd51c4bd70ee') in 0.024236 seconds 
========================================================================
Received Import Request.
  Time since last request: 0.000049 seconds.
  path: Assets/Sprites/UI/GUI PRO Kit - Casual Game/Prefabs/Prefabs_Component_Label/Label_LeftLabel01_Blue.prefab
  artifactKey: Guid(3069c64df0d0848ae96cb2b00d0deb60) Importer(815301076,1909f56bfc062723c751e8b465ee728b)
Start importing Assets/Sprites/UI/GUI PRO Kit - Casual Game/Prefabs/Prefabs_Component_Label/Label_LeftLabel01_Blue.prefab using Guid(3069c64df0d0848ae96cb2b00d0deb60) Importer(815301076,1909f56bfc062723c751e8b465ee728b)  -> (artifact id: '8a1308e1bb64fef712c891bdd3dceefe') in 0.009332 seconds 
========================================================================
Received Import Request.
  Time since last request: 0.000048 seconds.
  path: Assets/Sprites/UI/GUI PRO Kit - Casual Game/Prefabs/Prefabs_Component_Label/Label_BasicLabel02.prefab
  artifactKey: Guid(605dd814555674d95b1de276946e920c) Importer(815301076,1909f56bfc062723c751e8b465ee728b)
Start importing Assets/Sprites/UI/GUI PRO Kit - Casual Game/Prefabs/Prefabs_Component_Label/Label_BasicLabel02.prefab using Guid(605dd814555674d95b1de276946e920c) Importer(815301076,1909f56bfc062723c751e8b465ee728b)  -> (artifact id: '3ce25cb135f76601257cf87e986b5de8') in 0.009517 seconds 
========================================================================
Received Import Request.
  Time since last request: 0.000130 seconds.
  path: Assets/Sprites/UI/GUI PRO Kit - Casual Game/Prefabs/Prefabs_Component_Label/Label_SpeechBubble01.prefab
  artifactKey: Guid(68654b4bb730c4228b9b84cbdfc77c6c) Importer(815301076,1909f56bfc062723c751e8b465ee728b)
Start importing Assets/Sprites/UI/GUI PRO Kit - Casual Game/Prefabs/Prefabs_Component_Label/Label_SpeechBubble01.prefab using Guid(68654b4bb730c4228b9b84cbdfc77c6c) Importer(815301076,1909f56bfc062723c751e8b465ee728b)  -> (artifact id: '26a61b12af1c8334cbd6d0bea42babf4') in 0.009663 seconds 
========================================================================
Received Import Request.
  Time since last request: 0.000069 seconds.
  path: Assets/Sprites/UI/GUI PRO Kit - Casual Game/Prefabs/Prefabs_Component_Label/Label_TitleRibbon-Group-.prefab
  artifactKey: Guid(2fdd329314d464f3f8a33031d5bf5219) Importer(815301076,1909f56bfc062723c751e8b465ee728b)
Start importing Assets/Sprites/UI/GUI PRO Kit - Casual Game/Prefabs/Prefabs_Component_Label/Label_TitleRibbon-Group-.prefab using Guid(2fdd329314d464f3f8a33031d5bf5219) Importer(815301076,1909f56bfc062723c751e8b465ee728b)  -> (artifact id: '19dc9bbac2b90354168f62a7979b1983') in 0.025297 seconds 
========================================================================
Received Import Request.
  Time since last request: 0.000077 seconds.
  path: Assets/Sprites/UI/GUI PRO Kit - Casual Game/Prefabs/Prefabs_Component_Label/Label_LeftLabel01_Orange.prefab
  artifactKey: Guid(60846de44c5c940aaa4dc6611adec318) Importer(815301076,1909f56bfc062723c751e8b465ee728b)
Start importing Assets/Sprites/UI/GUI PRO Kit - Casual Game/Prefabs/Prefabs_Component_Label/Label_LeftLabel01_Orange.prefab using Guid(60846de44c5c940aaa4dc6611adec318) Importer(815301076,1909f56bfc062723c751e8b465ee728b)  -> (artifact id: '4657cc71a9342d6551a220736f7f3da7') in 0.010339 seconds 
========================================================================
Received Import Request.
  Time since last request: 0.000088 seconds.
  path: Assets/Sprites/UI/GUI PRO Kit - Casual Game/Prefabs/Prefabs_Component_Label/Label_TitleFlag-Group-.prefab
  artifactKey: Guid(7e7c9395dd27a4eb7afd84e8e27ff520) Importer(815301076,1909f56bfc062723c751e8b465ee728b)
Start importing Assets/Sprites/UI/GUI PRO Kit - Casual Game/Prefabs/Prefabs_Component_Label/Label_TitleFlag-Group-.prefab using Guid(7e7c9395dd27a4eb7afd84e8e27ff520) Importer(815301076,1909f56bfc062723c751e8b465ee728b)  -> (artifact id: '4357f0b5ceb5e13a40f75509ad5365ee') in 0.011135 seconds 
========================================================================
Received Import Request.
  Time since last request: 0.000045 seconds.
  path: Assets/Sprites/UI/GUI PRO Kit - Casual Game/Prefabs/Prefabs_Component_Label/Label_TitleFlag_Red.prefab
  artifactKey: Guid(148e9835e0f0e4118b95bec9f68f27a0) Importer(815301076,1909f56bfc062723c751e8b465ee728b)
Start importing Assets/Sprites/UI/GUI PRO Kit - Casual Game/Prefabs/Prefabs_Component_Label/Label_TitleFlag_Red.prefab using Guid(148e9835e0f0e4118b95bec9f68f27a0) Importer(815301076,1909f56bfc062723c751e8b465ee728b)  -> (artifact id: '102706509bcdefd81ae119a58bfc92ef') in 0.011964 seconds 
========================================================================
Received Import Request.
  Time since last request: 0.000070 seconds.
  path: Assets/Sprites/UI/GUI PRO Kit - Casual Game/Prefabs/Prefabs_Component_Label/Label_TitleRibbon_Orange.prefab
  artifactKey: Guid(642c7baabff554d75a2a3e1a1a0c891e) Importer(815301076,1909f56bfc062723c751e8b465ee728b)
Start importing Assets/Sprites/UI/GUI PRO Kit - Casual Game/Prefabs/Prefabs_Component_Label/Label_TitleRibbon_Orange.prefab using Guid(642c7baabff554d75a2a3e1a1a0c891e) Importer(815301076,1909f56bfc062723c751e8b465ee728b)  -> (artifact id: 'c6eceb627f1eacb3c02e9e53f5c84421') in 0.024134 seconds 
========================================================================
Received Import Request.
  Time since last request: 8.023626 seconds.
  path: Assets/Sprites/UI/GUI PRO Kit - Casual Game/Prefabs/Prefabs_Component_Popups/_PrefabsPanel_Popups_2.prefab
  artifactKey: Guid(b65f735ab034a4cccbb26664ba321c78) Importer(815301076,1909f56bfc062723c751e8b465ee728b)
Start importing Assets/Sprites/UI/GUI PRO Kit - Casual Game/Prefabs/Prefabs_Component_Popups/_PrefabsPanel_Popups_2.prefab using Guid(b65f735ab034a4cccbb26664ba321c78) Importer(815301076,1909f56bfc062723c751e8b465ee728b)  -> (artifact id: '0ff63b5a8723d41926a84d820da7c858') in 0.040271 seconds 
========================================================================
Received Import Request.
  Time since last request: 0.000061 seconds.
  path: Assets/Sprites/UI/GUI PRO Kit - Casual Game/Prefabs/Prefabs_Component_Popups/Popup_Frame03.prefab
  artifactKey: Guid(a374666a3753c4a0c8c86df77f6f0d55) Importer(815301076,1909f56bfc062723c751e8b465ee728b)
Start importing Assets/Sprites/UI/GUI PRO Kit - Casual Game/Prefabs/Prefabs_Component_Popups/Popup_Frame03.prefab using Guid(a374666a3753c4a0c8c86df77f6f0d55) Importer(815301076,1909f56bfc062723c751e8b465ee728b)  -> (artifact id: '78d1d1613a54820f02fd46355c58baad') in 0.003109 seconds 
========================================================================
Received Import Request.
  Time since last request: 0.000045 seconds.
  path: Assets/Sprites/UI/GUI PRO Kit - Casual Game/Prefabs/Prefabs_Component_Popups/Popup_Frame01_Purple.prefab
  artifactKey: Guid(63638a5dd440c412e888475f733446b0) Importer(815301076,1909f56bfc062723c751e8b465ee728b)
Start importing Assets/Sprites/UI/GUI PRO Kit - Casual Game/Prefabs/Prefabs_Component_Popups/Popup_Frame01_Purple.prefab using Guid(63638a5dd440c412e888475f733446b0) Importer(815301076,1909f56bfc062723c751e8b465ee728b)  -> (artifact id: 'b44017b2adeefd8ff4ff55bbfb7018c5') in 0.043240 seconds 
========================================================================
Received Import Request.
  Time since last request: 0.000062 seconds.
  path: Assets/Sprites/UI/GUI PRO Kit - Casual Game/Prefabs/Prefabs_Component_Popups/Popup_SideFrame02.prefab
  artifactKey: Guid(25abe5bca95cb424192cc3dc0fa8ab40) Importer(815301076,1909f56bfc062723c751e8b465ee728b)
Start importing Assets/Sprites/UI/GUI PRO Kit - Casual Game/Prefabs/Prefabs_Component_Popups/Popup_SideFrame02.prefab using Guid(25abe5bca95cb424192cc3dc0fa8ab40) Importer(815301076,1909f56bfc062723c751e8b465ee728b)  -> (artifact id: '4e88085ea983c248808e0259edcf6812') in 0.011245 seconds 
========================================================================
Received Import Request.
  Time since last request: 0.000051 seconds.
  path: Assets/Sprites/UI/GUI PRO Kit - Casual Game/Prefabs/Prefabs_Component_Popups/Popup_Frame01_Navy.prefab
  artifactKey: Guid(cce39486d88b745f7998f02d280fceba) Importer(815301076,1909f56bfc062723c751e8b465ee728b)
Start importing Assets/Sprites/UI/GUI PRO Kit - Casual Game/Prefabs/Prefabs_Component_Popups/Popup_Frame01_Navy.prefab using Guid(cce39486d88b745f7998f02d280fceba) Importer(815301076,1909f56bfc062723c751e8b465ee728b)  -> (artifact id: '3a60473bf2f48dc602ece668bd58825d') in 0.048195 seconds 
========================================================================
Received Import Request.
  Time since last request: 0.139689 seconds.
  path: Assets/Sprites/UI/GUI PRO Kit - Casual Game/Prefabs/Prefabs_Component_Slider/_PrefabsPanel_Slider_2.prefab
  artifactKey: Guid(b2d8544b4d3d0404f90a8a1acf4f011c) Importer(815301076,1909f56bfc062723c751e8b465ee728b)
Start importing Assets/Sprites/UI/GUI PRO Kit - Casual Game/Prefabs/Prefabs_Component_Slider/_PrefabsPanel_Slider_2.prefab using Guid(b2d8544b4d3d0404f90a8a1acf4f011c) Importer(815301076,1909f56bfc062723c751e8b465ee728b)  -> (artifact id: '9b2810b6f89bec1e443dff59bf9f6a15') in 0.066888 seconds 
========================================================================
Received Import Request.
  Time since last request: 0.000094 seconds.
  path: Assets/Sprites/UI/GUI PRO Kit - Casual Game/Prefabs/Prefabs_Component_Slider/Slider10_BasicType_Red.prefab
  artifactKey: Guid(495c452a4712b4b6e8db16be282fad09) Importer(815301076,1909f56bfc062723c751e8b465ee728b)
Start importing Assets/Sprites/UI/GUI PRO Kit - Casual Game/Prefabs/Prefabs_Component_Slider/Slider10_BasicType_Red.prefab using Guid(495c452a4712b4b6e8db16be282fad09) Importer(815301076,1909f56bfc062723c751e8b465ee728b)  -> (artifact id: '5903840f2fcfafc1bbd26a060debd5dc') in 0.003424 seconds 
========================================================================
Received Import Request.
  Time since last request: 0.000129 seconds.
  path: Assets/Sprites/UI/GUI PRO Kit - Casual Game/Prefabs/Prefabs_Component_Slider/Slider12_HandleType.prefab
  artifactKey: Guid(dc35baac3c07a440fb6c4ba234791dd9) Importer(815301076,1909f56bfc062723c751e8b465ee728b)
Start importing Assets/Sprites/UI/GUI PRO Kit - Casual Game/Prefabs/Prefabs_Component_Slider/Slider12_HandleType.prefab using Guid(dc35baac3c07a440fb6c4ba234791dd9) Importer(815301076,1909f56bfc062723c751e8b465ee728b)  -> (artifact id: '74fc65a9cf46e44244b9f472e364e82e') in 0.005516 seconds 
========================================================================
Received Import Request.
  Time since last request: 0.000069 seconds.
  path: Assets/Sprites/UI/GUI PRO Kit - Casual Game/Prefabs/Prefabs_Component_Slider/Slider04_IconType.prefab
  artifactKey: Guid(56fdb675639d844dcb65b10ef26b1980) Importer(815301076,1909f56bfc062723c751e8b465ee728b)
Start importing Assets/Sprites/UI/GUI PRO Kit - Casual Game/Prefabs/Prefabs_Component_Slider/Slider04_IconType.prefab using Guid(56fdb675639d844dcb65b10ef26b1980) Importer(815301076,1909f56bfc062723c751e8b465ee728b)  -> (artifact id: '3b7cd00da36880bba85fd84fbccd65ff') in 0.004021 seconds 
========================================================================
Received Import Request.
  Time since last request: 0.000071 seconds.
  path: Assets/Sprites/UI/GUI PRO Kit - Casual Game/Prefabs/Prefabs_Component_Slider/Slider07_BasicType_Yellow.prefab
  artifactKey: Guid(b85a6457ecbac441c93bf00b75f7541a) Importer(815301076,1909f56bfc062723c751e8b465ee728b)
Start importing Assets/Sprites/UI/GUI PRO Kit - Casual Game/Prefabs/Prefabs_Component_Slider/Slider07_BasicType_Yellow.prefab using Guid(b85a6457ecbac441c93bf00b75f7541a) Importer(815301076,1909f56bfc062723c751e8b465ee728b)  -> (artifact id: '844ec026a6e29ca5e018bc8c5f67ad2b') in 0.028266 seconds 
========================================================================
Received Import Request.
  Time since last request: 0.000080 seconds.
  path: Assets/Sprites/UI/GUI PRO Kit - Casual Game/Prefabs/Prefabs_Component_Slider/Slider03_IconType.prefab
  artifactKey: Guid(73756566708d04191bbd074bbf63982c) Importer(815301076,1909f56bfc062723c751e8b465ee728b)
Start importing Assets/Sprites/UI/GUI PRO Kit - Casual Game/Prefabs/Prefabs_Component_Slider/Slider03_IconType.prefab using Guid(73756566708d04191bbd074bbf63982c) Importer(815301076,1909f56bfc062723c751e8b465ee728b)  -> (artifact id: 'e876873dca21061b14dee83450ff7ec6') in 0.009609 seconds 
========================================================================
Received Import Request.
  Time since last request: 0.000103 seconds.
  path: Assets/Sprites/UI/GUI PRO Kit - Casual Game/Prefabs/Prefabs_Component_Slider/Slider05_BasicType.prefab
  artifactKey: Guid(c1c7795ef614e4d6ab7ff18b2bf6bdcf) Importer(815301076,1909f56bfc062723c751e8b465ee728b)
Start importing Assets/Sprites/UI/GUI PRO Kit - Casual Game/Prefabs/Prefabs_Component_Slider/Slider05_BasicType.prefab using Guid(c1c7795ef614e4d6ab7ff18b2bf6bdcf) Importer(815301076,1909f56bfc062723c751e8b465ee728b)  -> (artifact id: 'bc6050e034ddb2b1af6cd8be5a27486e') in 0.048375 seconds 
========================================================================
Received Import Request.
  Time since last request: 0.000082 seconds.
  path: Assets/Sprites/UI/GUI PRO Kit - Casual Game/Prefabs/Prefabs_Component_Slider/Slider10_IconType_Red.prefab
  artifactKey: Guid(6418b27bac2884496896cf3611bf6d6f) Importer(815301076,1909f56bfc062723c751e8b465ee728b)
Start importing Assets/Sprites/UI/GUI PRO Kit - Casual Game/Prefabs/Prefabs_Component_Slider/Slider10_IconType_Red.prefab using Guid(6418b27bac2884496896cf3611bf6d6f) Importer(815301076,1909f56bfc062723c751e8b465ee728b)  -> (artifact id: '731f017772e1b7cd05ace3414460ce13') in 0.003991 seconds 
========================================================================
Received Import Request.
  Time since last request: 0.000044 seconds.
  path: Assets/Sprites/UI/GUI PRO Kit - Casual Game/Prefabs/Prefabs_Component_Slider/Slider08.prefab
  artifactKey: Guid(d65e1345bc0584806bef44c3f52a9176) Importer(815301076,1909f56bfc062723c751e8b465ee728b)
Start importing Assets/Sprites/UI/GUI PRO Kit - Casual Game/Prefabs/Prefabs_Component_Slider/Slider08.prefab using Guid(d65e1345bc0584806bef44c3f52a9176) Importer(815301076,1909f56bfc062723c751e8b465ee728b)  -> (artifact id: '555c083f1071c7b600ad01c1df75899e') in 0.002932 seconds 
========================================================================
Received Import Request.
  Time since last request: 0.000169 seconds.
  path: Assets/Sprites/UI/GUI PRO Kit - Casual Game/Prefabs/Prefabs_Component_Slider/Slider04_BasicType.prefab
  artifactKey: Guid(475b1363c9fb8459ba6e207f40c1c6dd) Importer(815301076,1909f56bfc062723c751e8b465ee728b)
Start importing Assets/Sprites/UI/GUI PRO Kit - Casual Game/Prefabs/Prefabs_Component_Slider/Slider04_BasicType.prefab using Guid(475b1363c9fb8459ba6e207f40c1c6dd) Importer(815301076,1909f56bfc062723c751e8b465ee728b)  -> (artifact id: '444e5a43131d01ffecbcace1ccbf73b4') in 0.003557 seconds 
========================================================================
Received Import Request.
  Time since last request: 0.000074 seconds.
  path: Assets/Sprites/UI/GUI PRO Kit - Casual Game/Prefabs/Prefabs_Component_Slider/Slider07_IconType_Yellow.prefab
  artifactKey: Guid(5dda513fe2b66461f8c031eed82196aa) Importer(815301076,1909f56bfc062723c751e8b465ee728b)
Start importing Assets/Sprites/UI/GUI PRO Kit - Casual Game/Prefabs/Prefabs_Component_Slider/Slider07_IconType_Yellow.prefab using Guid(5dda513fe2b66461f8c031eed82196aa) Importer(815301076,1909f56bfc062723c751e8b465ee728b)  -> (artifact id: '256cb64fc426279e471400e4ca8a3686') in 0.027981 seconds 
========================================================================
Received Import Request.
  Time since last request: 0.000051 seconds.
  path: Assets/Sprites/UI/GUI PRO Kit - Casual Game/Prefabs/Prefabs_Component_Slider/Slider06_BasicType.prefab
  artifactKey: Guid(7c073ab27d0024b9a9b3cc2459035cc1) Importer(815301076,1909f56bfc062723c751e8b465ee728b)
Start importing Assets/Sprites/UI/GUI PRO Kit - Casual Game/Prefabs/Prefabs_Component_Slider/Slider06_BasicType.prefab using Guid(7c073ab27d0024b9a9b3cc2459035cc1) Importer(815301076,1909f56bfc062723c751e8b465ee728b)  -> (artifact id: '910e8747dec7c1aa651ee29522aead13') in 0.030166 seconds 
========================================================================
Received Import Request.
  Time since last request: 0.000043 seconds.
  path: Assets/Sprites/UI/GUI PRO Kit - Casual Game/Prefabs/Prefabs_Demo_UI/Button_Battle.prefab
  artifactKey: Guid(6fdedcf2c7fe547679865aec3cb5d9b3) Importer(815301076,1909f56bfc062723c751e8b465ee728b)
Start importing Assets/Sprites/UI/GUI PRO Kit - Casual Game/Prefabs/Prefabs_Demo_UI/Button_Battle.prefab using Guid(6fdedcf2c7fe547679865aec3cb5d9b3) Importer(815301076,1909f56bfc062723c751e8b465ee728b)  -> (artifact id: '65aff3d26d112926822fc984877efa84') in 0.022608 seconds 
========================================================================
Received Import Request.
  Time since last request: 0.000064 seconds.
  path: Assets/Sprites/UI/GUI PRO Kit - Casual Game/Prefabs/Prefabs_Demo_UI/Button_Prev.prefab
  artifactKey: Guid(01a0f943f87154d288a7ba9a4ca79cf1) Importer(815301076,1909f56bfc062723c751e8b465ee728b)
Start importing Assets/Sprites/UI/GUI PRO Kit - Casual Game/Prefabs/Prefabs_Demo_UI/Button_Prev.prefab using Guid(01a0f943f87154d288a7ba9a4ca79cf1) Importer(815301076,1909f56bfc062723c751e8b465ee728b)  -> (artifact id: 'fec0664f18c49c4751441cef79b31921') in 0.003703 seconds 
========================================================================
Received Import Request.
  Time since last request: 0.000049 seconds.
  path: Assets/Sprites/UI/GUI PRO Kit - Casual Game/Prefabs/Prefabs_Demo_UI/Icons_Skill.prefab
  artifactKey: Guid(f56eb8a9e6c9c4461be9b654cd680c62) Importer(815301076,1909f56bfc062723c751e8b465ee728b)
Start importing Assets/Sprites/UI/GUI PRO Kit - Casual Game/Prefabs/Prefabs_Demo_UI/Icons_Skill.prefab using Guid(f56eb8a9e6c9c4461be9b654cd680c62) Importer(815301076,1909f56bfc062723c751e8b465ee728b)  -> (artifact id: '426c25ecf772c03ba090af9fedd608d1') in 0.013004 seconds 
========================================================================
Received Import Request.
  Time since last request: 0.000052 seconds.
  path: Assets/Sprites/UI/GUI PRO Kit - Casual Game/Prefabs/Prefabs_Demo_UI/Button_Stage.prefab
  artifactKey: Guid(9aba37ddf92dc4affb5b7071363ed90f) Importer(815301076,1909f56bfc062723c751e8b465ee728b)
Start importing Assets/Sprites/UI/GUI PRO Kit - Casual Game/Prefabs/Prefabs_Demo_UI/Button_Stage.prefab using Guid(9aba37ddf92dc4affb5b7071363ed90f) Importer(815301076,1909f56bfc062723c751e8b465ee728b)  -> (artifact id: 'ea53950ee71a9fb31ffeeb4d044d74fe') in 0.024473 seconds 
========================================================================
Received Import Request.
  Time since last request: 0.000088 seconds.
  path: Assets/Sprites/UI/GUI PRO Kit - Casual Game/Prefabs/Prefabs_Demo_UI/Menu_TabMenu.prefab
  artifactKey: Guid(eaccfe09ae0874846bb9a078212733e3) Importer(815301076,1909f56bfc062723c751e8b465ee728b)
Start importing Assets/Sprites/UI/GUI PRO Kit - Casual Game/Prefabs/Prefabs_Demo_UI/Menu_TabMenu.prefab using Guid(eaccfe09ae0874846bb9a078212733e3) Importer(815301076,1909f56bfc062723c751e8b465ee728b)  -> (artifact id: '0ce3c3aa14651fa4b9450c4477d6b484') in 0.010467 seconds 
========================================================================
Received Import Request.
  Time since last request: 0.000052 seconds.
  path: Assets/Sprites/UI/GUI PRO Kit - Casual Game/Prefabs/Prefabs_Demo_UI/Menu_SideSubMenu.prefab
  artifactKey: Guid(800874d1c0f114101803b78abbdc55d3) Importer(815301076,1909f56bfc062723c751e8b465ee728b)
Start importing Assets/Sprites/UI/GUI PRO Kit - Casual Game/Prefabs/Prefabs_Demo_UI/Menu_SideSubMenu.prefab using Guid(800874d1c0f114101803b78abbdc55d3) Importer(815301076,1909f56bfc062723c751e8b465ee728b)  -> (artifact id: '396e9a90e12766ee3cf8e7088a0ef2e5') in 0.015458 seconds 
========================================================================
Received Import Request.
  Time since last request: 0.000064 seconds.
  path: Assets/Sprites/UI/GUI PRO Kit - Casual Game/Prefabs/Prefabs_Demo_UI/Button_DailySpin.prefab
  artifactKey: Guid(100c59203fd3e45ef92fe1bf7e2356d3) Importer(815301076,1909f56bfc062723c751e8b465ee728b)
Start importing Assets/Sprites/UI/GUI PRO Kit - Casual Game/Prefabs/Prefabs_Demo_UI/Button_DailySpin.prefab using Guid(100c59203fd3e45ef92fe1bf7e2356d3) Importer(815301076,1909f56bfc062723c751e8b465ee728b)  -> (artifact id: 'ae858c1e47bdbfdb407f91ce933fa2c8') in 0.018608 seconds 
========================================================================
Received Import Request.
  Time since last request: 0.000053 seconds.
  path: Assets/Sprites/UI/GUI PRO Kit - Casual Game/Prefabs/Prefabs_Demo_UI/InputField_NickName.prefab
  artifactKey: Guid(a04d211b399b4417d8f2c87848545429) Importer(815301076,1909f56bfc062723c751e8b465ee728b)
Start importing Assets/Sprites/UI/GUI PRO Kit - Casual Game/Prefabs/Prefabs_Demo_UI/InputField_NickName.prefab using Guid(a04d211b399b4417d8f2c87848545429) Importer(815301076,1909f56bfc062723c751e8b465ee728b)  -> (artifact id: '279cd18c4d6ad89b17ee09c21518e7f9') in 0.036770 seconds 
========================================================================
Received Import Request.
  Time since last request: 0.000066 seconds.
  path: Assets/Sprites/UI/GUI PRO Kit - Casual Game/Prefabs/Prefabs_Component_Slider/Slider05_IconType.prefab
  artifactKey: Guid(6727a5b9bef6041e1a0afb190f9d0df0) Importer(815301076,1909f56bfc062723c751e8b465ee728b)
Start importing Assets/Sprites/UI/GUI PRO Kit - Casual Game/Prefabs/Prefabs_Component_Slider/Slider05_IconType.prefab using Guid(6727a5b9bef6041e1a0afb190f9d0df0) Importer(815301076,1909f56bfc062723c751e8b465ee728b)  -> (artifact id: '3189f808a995a995e4d146022af33ecf') in 0.057164 seconds 
========================================================================
Received Import Request.
  Time since last request: 0.000077 seconds.
  path: Assets/Sprites/UI/GUI PRO Kit - Casual Game/Prefabs/Prefabs_Demo_UI/Button_Close.prefab
  artifactKey: Guid(5d5cb366421fa40e6932e5d57d1e1ea0) Importer(815301076,1909f56bfc062723c751e8b465ee728b)
Start importing Assets/Sprites/UI/GUI PRO Kit - Casual Game/Prefabs/Prefabs_Demo_UI/Button_Close.prefab using Guid(5d5cb366421fa40e6932e5d57d1e1ea0) Importer(815301076,1909f56bfc062723c751e8b465ee728b)  -> (artifact id: 'a739cb058c66eb5762f9d48cad7273bc') in 0.003781 seconds 
========================================================================
Received Import Request.
  Time since last request: 0.000055 seconds.
  path: Assets/Sprites/UI/GUI PRO Kit - Casual Game/Prefabs/Prefabs_Demo_UI/Button_Ok.prefab
  artifactKey: Guid(4bef6041548134282abca4cb00f403d4) Importer(815301076,1909f56bfc062723c751e8b465ee728b)
Start importing Assets/Sprites/UI/GUI PRO Kit - Casual Game/Prefabs/Prefabs_Demo_UI/Button_Ok.prefab using Guid(4bef6041548134282abca4cb00f403d4) Importer(815301076,1909f56bfc062723c751e8b465ee728b)  -> (artifact id: '44e1546839d284033fbe1b1f2198f616') in 0.042964 seconds 
========================================================================
Received Import Request.
  Time since last request: 0.000083 seconds.
  path: Assets/Sprites/UI/GUI PRO Kit - Casual Game/Prefabs/Prefabs_Demo_UI/Button_Home.prefab
  artifactKey: Guid(1d92cb7c1275c4e4b95285e0ed2bba79) Importer(815301076,1909f56bfc062723c751e8b465ee728b)
Start importing Assets/Sprites/UI/GUI PRO Kit - Casual Game/Prefabs/Prefabs_Demo_UI/Button_Home.prefab using Guid(1d92cb7c1275c4e4b95285e0ed2bba79) Importer(815301076,1909f56bfc062723c751e8b465ee728b)  -> (artifact id: '5f838c95a0b1aacc4fd233d640b9beb4') in 0.004280 seconds 
========================================================================
Received Import Request.
  Time since last request: 0.000101 seconds.
  path: Assets/Sprites/UI/GUI PRO Kit - Casual Game/Prefabs/Prefabs_Component_Slider/Slider01_IconType.prefab
  artifactKey: Guid(daccf30135d0a41e0af2804bb6696a97) Importer(815301076,1909f56bfc062723c751e8b465ee728b)
Start importing Assets/Sprites/UI/GUI PRO Kit - Casual Game/Prefabs/Prefabs_Component_Slider/Slider01_IconType.prefab using Guid(daccf30135d0a41e0af2804bb6696a97) Importer(815301076,1909f56bfc062723c751e8b465ee728b)  -> (artifact id: '210a6175120e53f387e0620b3a2b6fac') in 0.046353 seconds 
========================================================================
Received Import Request.
  Time since last request: 0.000090 seconds.
  path: Assets/Sprites/UI/GUI PRO Kit - Casual Game/Prefabs/Prefabs_Component_Slider/Slider07_IconType_Blue.prefab
  artifactKey: Guid(d49367a9da9284204aec2e3677792564) Importer(815301076,1909f56bfc062723c751e8b465ee728b)
Start importing Assets/Sprites/UI/GUI PRO Kit - Casual Game/Prefabs/Prefabs_Component_Slider/Slider07_IconType_Blue.prefab using Guid(d49367a9da9284204aec2e3677792564) Importer(815301076,1909f56bfc062723c751e8b465ee728b)  -> (artifact id: 'a3e5b039ebb6f65922d79e0345b1ac09') in 0.050033 seconds 
========================================================================
Received Import Request.
  Time since last request: 0.000083 seconds.
  path: Assets/Sprites/UI/GUI PRO Kit - Casual Game/Prefabs/Prefabs_Component_Slider/Slider11.prefab
  artifactKey: Guid(40901f413534a459a9cf199f7e60188b) Importer(815301076,1909f56bfc062723c751e8b465ee728b)
Start importing Assets/Sprites/UI/GUI PRO Kit - Casual Game/Prefabs/Prefabs_Component_Slider/Slider11.prefab using Guid(40901f413534a459a9cf199f7e60188b) Importer(815301076,1909f56bfc062723c751e8b465ee728b)  -> (artifact id: 'f4f3c85eae60a27939efbf67629a710c') in 0.005332 seconds 
========================================================================
Received Import Request.
  Time since last request: 0.000090 seconds.
  path: Assets/Sprites/UI/GUI PRO Kit - Casual Game/Prefabs/Prefabs_Component_Slider/Slider07_IconType_Green.prefab
  artifactKey: Guid(bd02b7fb732a0419a93949ec985a8066) Importer(815301076,1909f56bfc062723c751e8b465ee728b)
Start importing Assets/Sprites/UI/GUI PRO Kit - Casual Game/Prefabs/Prefabs_Component_Slider/Slider07_IconType_Green.prefab using Guid(bd02b7fb732a0419a93949ec985a8066) Importer(815301076,1909f56bfc062723c751e8b465ee728b)  -> (artifact id: '235d5f01f0e2b457a287c0e1bacfbb69') in 0.049686 seconds 
========================================================================
Received Import Request.
  Time since last request: 0.639821 seconds.
  path: Assets/Sprites/UI/GUI PRO Kit - Casual Game/Prefabs/Prefabs_DemoScene_Panels/Character_List.prefab
  artifactKey: Guid(0aed7d65c171e4835a1b23c14a191553) Importer(815301076,1909f56bfc062723c751e8b465ee728b)
Start importing Assets/Sprites/UI/GUI PRO Kit - Casual Game/Prefabs/Prefabs_DemoScene_Panels/Character_List.prefab using Guid(0aed7d65c171e4835a1b23c14a191553) Importer(815301076,1909f56bfc062723c751e8b465ee728b)  -> (artifact id: '3809f8233bdf6b8956c88ef5a5f408a7') in 0.074322 seconds 
========================================================================
Received Import Request.
  Time since last request: 0.000048 seconds.
  path: Assets/Sprites/UI/GUI PRO Kit - Casual Game/Prefabs/Prefabs_DemoScene_Panels/Component_4.prefab
  artifactKey: Guid(2c80b0997812046ecad063d7eca3ee8b) Importer(815301076,1909f56bfc062723c751e8b465ee728b)
Start importing Assets/Sprites/UI/GUI PRO Kit - Casual Game/Prefabs/Prefabs_DemoScene_Panels/Component_4.prefab using Guid(2c80b0997812046ecad063d7eca3ee8b) Importer(815301076,1909f56bfc062723c751e8b465ee728b)  -> (artifact id: '5d471d811b3f71969feb090d9c42ca72') in 0.133431 seconds 
========================================================================
Received Import Request.
  Time since last request: 0.000085 seconds.
  path: Assets/Sprites/UI/GUI PRO Kit - Casual Game/Prefabs/Prefabs_DemoScene_Panels/Play_TypeText.prefab
  artifactKey: Guid(21c3bdb8533994a8b84a425ee0284da7) Importer(815301076,1909f56bfc062723c751e8b465ee728b)
Start importing Assets/Sprites/UI/GUI PRO Kit - Casual Game/Prefabs/Prefabs_DemoScene_Panels/Play_TypeText.prefab using Guid(21c3bdb8533994a8b84a425ee0284da7) Importer(815301076,1909f56bfc062723c751e8b465ee728b)  -> (artifact id: '25ae6be21e22430f6251c386db9b46d6') in 0.012120 seconds 
========================================================================
Received Import Request.
  Time since last request: 0.000080 seconds.
  path: Assets/Sprites/UI/GUI PRO Kit - Casual Game/Prefabs/Prefabs_DemoScene_Panels/Popup_Checking.prefab
  artifactKey: Guid(20ed6cbff7dbe49538599704a5ea8777) Importer(815301076,1909f56bfc062723c751e8b465ee728b)
Start importing Assets/Sprites/UI/GUI PRO Kit - Casual Game/Prefabs/Prefabs_DemoScene_Panels/Popup_Checking.prefab using Guid(20ed6cbff7dbe49538599704a5ea8777) Importer(815301076,1909f56bfc062723c751e8b465ee728b)  -> (artifact id: '44d087fc984645aeee9c79352fcf5337') in 0.055540 seconds 
========================================================================
Received Import Request.
  Time since last request: 0.000068 seconds.
  path: Assets/Sprites/UI/GUI PRO Kit - Casual Game/Prefabs/Prefabs_DemoScene_Panels/Equipment.prefab
  artifactKey: Guid(c6ca3b978d48c46df82f45bde224766f) Importer(815301076,1909f56bfc062723c751e8b465ee728b)
Start importing Assets/Sprites/UI/GUI PRO Kit - Casual Game/Prefabs/Prefabs_DemoScene_Panels/Equipment.prefab using Guid(c6ca3b978d48c46df82f45bde224766f) Importer(815301076,1909f56bfc062723c751e8b465ee728b)  -> (artifact id: 'cbc181d9003704f49961bc9adac551ff') in 0.125080 seconds 
========================================================================
Received Import Request.
  Time since last request: 0.000075 seconds.
  path: Assets/Sprites/UI/GUI PRO Kit - Casual Game/Prefabs/Prefabs_DemoScene_Panels/Lobby.prefab
  artifactKey: Guid(9f62b7b7093694f64b9dafe0fb98cbcd) Importer(815301076,1909f56bfc062723c751e8b465ee728b)
Start importing Assets/Sprites/UI/GUI PRO Kit - Casual Game/Prefabs/Prefabs_DemoScene_Panels/Lobby.prefab using Guid(9f62b7b7093694f64b9dafe0fb98cbcd) Importer(815301076,1909f56bfc062723c751e8b465ee728b)  -> (artifact id: '2e7ce70f161be8753e7b8276a734d217') in 0.100105 seconds 
========================================================================
Received Import Request.
  Time since last request: 0.000070 seconds.
  path: Assets/Sprites/UI/GUI PRO Kit - Casual Game/Prefabs/Prefabs_DemoScene_Particle/Fx_Rotate_Light05.prefab
  artifactKey: Guid(268324af584364d348cd0e2eefe493eb) Importer(815301076,1909f56bfc062723c751e8b465ee728b)
Start importing Assets/Sprites/UI/GUI PRO Kit - Casual Game/Prefabs/Prefabs_DemoScene_Particle/Fx_Rotate_Light05.prefab using Guid(268324af584364d348cd0e2eefe493eb) Importer(815301076,1909f56bfc062723c751e8b465ee728b)  -> (artifact id: '5f598fbf47e481e478d28dcd3f3e0889') in 0.010923 seconds 
========================================================================
Received Import Request.
  Time since last request: 0.000062 seconds.
  path: Assets/Sprites/UI/GUI PRO Kit - Casual Game/Prefabs/Prefabs_DemoScene_Particle/Fx_Sparkle_Star02_ClearGreen.prefab
  artifactKey: Guid(29e21c39a9020411eac3f3b55c2eef01) Importer(815301076,1909f56bfc062723c751e8b465ee728b)
Start importing Assets/Sprites/UI/GUI PRO Kit - Casual Game/Prefabs/Prefabs_DemoScene_Particle/Fx_Sparkle_Star02_ClearGreen.prefab using Guid(29e21c39a9020411eac3f3b55c2eef01) Importer(815301076,1909f56bfc062723c751e8b465ee728b)  -> (artifact id: 'f4a245f68f4fcece6e9e07b83393da06') in 0.006681 seconds 
========================================================================
Received Import Request.
  Time since last request: 0.000063 seconds.
  path: Assets/Sprites/UI/GUI PRO Kit - Casual Game/Prefabs/Prefabs_DemoScene_Panels/ErrorNetwork.prefab
  artifactKey: Guid(087a2feb911e8488580273ef96ce8112) Importer(815301076,1909f56bfc062723c751e8b465ee728b)
Start importing Assets/Sprites/UI/GUI PRO Kit - Casual Game/Prefabs/Prefabs_DemoScene_Panels/ErrorNetwork.prefab using Guid(087a2feb911e8488580273ef96ce8112) Importer(815301076,1909f56bfc062723c751e8b465ee728b)  -> (artifact id: '3dba2f9931c80b4a7589a2498643b6d9') in 0.015266 seconds 
========================================================================
Received Import Request.
  Time since last request: 0.000091 seconds.
  path: Assets/Sprites/UI/GUI PRO Kit - Casual Game/Prefabs/Prefabs_DemoScene_Panels/Pass.prefab
  artifactKey: Guid(db09391c636264f4cb75d3f00fbec968) Importer(815301076,1909f56bfc062723c751e8b465ee728b)
Start importing Assets/Sprites/UI/GUI PRO Kit - Casual Game/Prefabs/Prefabs_DemoScene_Panels/Pass.prefab using Guid(db09391c636264f4cb75d3f00fbec968) Importer(815301076,1909f56bfc062723c751e8b465ee728b)  -> (artifact id: '6da06a32994c3fbec38c54bf027eee9a') in 0.093237 seconds 
========================================================================
Received Import Request.
  Time since last request: 0.000075 seconds.
  path: Assets/Sprites/UI/GUI PRO Kit - Casual Game/Prefabs/Prefabs_DemoScene_Panels/Component_2.prefab
  artifactKey: Guid(2f6d34e2092c245e9abaadb04967a932) Importer(815301076,1909f56bfc062723c751e8b465ee728b)
Start importing Assets/Sprites/UI/GUI PRO Kit - Casual Game/Prefabs/Prefabs_DemoScene_Panels/Component_2.prefab using Guid(2f6d34e2092c245e9abaadb04967a932) Importer(815301076,1909f56bfc062723c751e8b465ee728b)  -> (artifact id: 'c114cffdbfd1779bc2dd2b1dac386382') in 0.104522 seconds 
========================================================================
Received Import Request.
  Time since last request: 0.000075 seconds.
  path: Assets/Sprites/UI/GUI PRO Kit - Casual Game/Prefabs/Prefabs_DemoScene_Particle/Fx_Sparkle_LongStar02_BlurryBlue.prefab
  artifactKey: Guid(af857985d16164ce08addf366f1a0ee1) Importer(815301076,1909f56bfc062723c751e8b465ee728b)
Start importing Assets/Sprites/UI/GUI PRO Kit - Casual Game/Prefabs/Prefabs_DemoScene_Particle/Fx_Sparkle_LongStar02_BlurryBlue.prefab using Guid(af857985d16164ce08addf366f1a0ee1) Importer(815301076,1909f56bfc062723c751e8b465ee728b)  -> (artifact id: '7f699e113953977188253cc02260e51e') in 0.007556 seconds 
========================================================================
Received Import Request.
  Time since last request: 0.000046 seconds.
  path: Assets/Sprites/UI/GUI PRO Kit - Casual Game/Prefabs/Prefabs_DemoScene_Particle/Fx_Sparkle_LongStar02_BlurryWhite.prefab
  artifactKey: Guid(07244fc016be747c2a1ecfba4c949872) Importer(815301076,1909f56bfc062723c751e8b465ee728b)
Start importing Assets/Sprites/UI/GUI PRO Kit - Casual Game/Prefabs/Prefabs_DemoScene_Particle/Fx_Sparkle_LongStar02_BlurryWhite.prefab using Guid(07244fc016be747c2a1ecfba4c949872) Importer(815301076,1909f56bfc062723c751e8b465ee728b)  -> (artifact id: 'b6da4b4064b1a0ed74c2c3ce95cce358') in 0.007344 seconds 
========================================================================
Received Import Request.
  Time since last request: 0.000073 seconds.
  path: Assets/Sprites/UI/GUI PRO Kit - Casual Game/Prefabs/Prefabs_DemoScene_Particle/Fx_Sparkle_LongStar01_ClearGreen.prefab
  artifactKey: Guid(11c77f14a9c554677a14e9dd4b5a5d0c) Importer(815301076,1909f56bfc062723c751e8b465ee728b)
Start importing Assets/Sprites/UI/GUI PRO Kit - Casual Game/Prefabs/Prefabs_DemoScene_Particle/Fx_Sparkle_LongStar01_ClearGreen.prefab using Guid(11c77f14a9c554677a14e9dd4b5a5d0c) Importer(815301076,1909f56bfc062723c751e8b465ee728b)  -> (artifact id: 'd4ec5d565489c8ebeaf36b6a76ce4375') in 0.007132 seconds 
========================================================================
Received Import Request.
  Time since last request: 0.000087 seconds.
  path: Assets/Sprites/UI/GUI PRO Kit - Casual Game/Prefabs/Prefabs_DemoScene_Panels/Component_3.prefab
  artifactKey: Guid(13700506ae3724647b3ec90bfe0e507e) Importer(815301076,1909f56bfc062723c751e8b465ee728b)
Start importing Assets/Sprites/UI/GUI PRO Kit - Casual Game/Prefabs/Prefabs_DemoScene_Panels/Component_3.prefab using Guid(13700506ae3724647b3ec90bfe0e507e) Importer(815301076,1909f56bfc062723c751e8b465ee728b)  -> (artifact id: '4ce8ca6f3806c8349ba6bca698e127ee') in 0.102350 seconds 
========================================================================
Received Import Request.
  Time since last request: 0.000050 seconds.
  path: Assets/Sprites/UI/GUI PRO Kit - Casual Game/Prefabs/Prefabs_DemoScene_Particle/Fx_Rotate_Light06.prefab
  artifactKey: Guid(699ad122873c34a34818e185b77d4ac3) Importer(815301076,1909f56bfc062723c751e8b465ee728b)
Start importing Assets/Sprites/UI/GUI PRO Kit - Casual Game/Prefabs/Prefabs_DemoScene_Particle/Fx_Rotate_Light06.prefab using Guid(699ad122873c34a34818e185b77d4ac3) Importer(815301076,1909f56bfc062723c751e8b465ee728b)  -> (artifact id: '8bade99b2b2139a5aa0b735ed94126ee') in 0.009208 seconds 
========================================================================
Received Import Request.
  Time since last request: 0.000062 seconds.
  path: Assets/Sprites/UI/GUI PRO Kit - Casual Game/Prefabs/Prefabs_DemoScene_Panels/Equipment_Popup_Detail2.prefab
  artifactKey: Guid(c9f0651071be94f9abe738f3e277db1a) Importer(815301076,1909f56bfc062723c751e8b465ee728b)
Start importing Assets/Sprites/UI/GUI PRO Kit - Casual Game/Prefabs/Prefabs_DemoScene_Panels/Equipment_Popup_Detail2.prefab using Guid(c9f0651071be94f9abe738f3e277db1a) Importer(815301076,1909f56bfc062723c751e8b465ee728b)  -> (artifact id: 'd40043e0d3ec41314942eeeb257af45f') in 0.035815 seconds 
========================================================================
Received Import Request.
  Time since last request: 0.000074 seconds.
  path: Assets/Sprites/UI/GUI PRO Kit - Casual Game/Prefabs/Prefabs_DemoScene_Panels/LevelUp.prefab
  artifactKey: Guid(ad0f29e58197645e6b021f5accb7d97e) Importer(815301076,1909f56bfc062723c751e8b465ee728b)
Start importing Assets/Sprites/UI/GUI PRO Kit - Casual Game/Prefabs/Prefabs_DemoScene_Panels/LevelUp.prefab using Guid(ad0f29e58197645e6b021f5accb7d97e) Importer(815301076,1909f56bfc062723c751e8b465ee728b)  -> (artifact id: '99fbffef03b280585022eacaf5e8ec54') in 0.137088 seconds 
========================================================================
Received Import Request.
  Time since last request: 0.000095 seconds.
  path: Assets/Sprites/UI/GUI PRO Kit - Casual Game/Prefabs/Prefabs_DemoScene_Panels/Equipment_Popup_AddSlot.prefab
  artifactKey: Guid(76d1486a5fdf5463882d950afaeee34a) Importer(815301076,1909f56bfc062723c751e8b465ee728b)
Start importing Assets/Sprites/UI/GUI PRO Kit - Casual Game/Prefabs/Prefabs_DemoScene_Panels/Equipment_Popup_AddSlot.prefab using Guid(76d1486a5fdf5463882d950afaeee34a) Importer(815301076,1909f56bfc062723c751e8b465ee728b)  -> (artifact id: 'e6af21edba0bcd974e9ffa42a345141a') in 0.035236 seconds 
========================================================================
Received Import Request.
  Time since last request: 0.000070 seconds.
  path: Assets/Sprites/UI/GUI PRO Kit - Casual Game/Prefabs/Prefabs_DemoScene_Particle/Fx_Snow.prefab
  artifactKey: Guid(750990e90431f499487035e155ff4b93) Importer(815301076,1909f56bfc062723c751e8b465ee728b)
Start importing Assets/Sprites/UI/GUI PRO Kit - Casual Game/Prefabs/Prefabs_DemoScene_Particle/Fx_Snow.prefab using Guid(750990e90431f499487035e155ff4b93) Importer(815301076,1909f56bfc062723c751e8b465ee728b)  -> (artifact id: '9733fbc0dc955b78a452235abbb267bf') in 0.007304 seconds 
========================================================================
Received Import Request.
  Time since last request: 0.000045 seconds.
  path: Assets/Sprites/UI/GUI PRO Kit - Casual Game/Prefabs/Prefabs_DemoScene_Panels/LockScreen.prefab
  artifactKey: Guid(a7842a822701c45e9b14bb068c8ac54b) Importer(815301076,1909f56bfc062723c751e8b465ee728b)
Start importing Assets/Sprites/UI/GUI PRO Kit - Casual Game/Prefabs/Prefabs_DemoScene_Panels/LockScreen.prefab using Guid(a7842a822701c45e9b14bb068c8ac54b) Importer(815301076,1909f56bfc062723c751e8b465ee728b)  -> (artifact id: '5fe64051a00898a5077edb81988fd61a') in 0.090891 seconds 
========================================================================
Received Import Request.
  Time since last request: 0.000059 seconds.
  path: Assets/Sprites/UI/GUI PRO Kit - Casual Game/Prefabs/Prefabs_DemoScene_Particle/Fx_Sparkle_LongStar01_ClearPurple.prefab
  artifactKey: Guid(e909e46486694411eb8c10d1bfab7b4d) Importer(815301076,1909f56bfc062723c751e8b465ee728b)
Start importing Assets/Sprites/UI/GUI PRO Kit - Casual Game/Prefabs/Prefabs_DemoScene_Particle/Fx_Sparkle_LongStar01_ClearPurple.prefab using Guid(e909e46486694411eb8c10d1bfab7b4d) Importer(815301076,1909f56bfc062723c751e8b465ee728b)  -> (artifact id: '32ac06bf4ef4113bcdd4f1971120f037') in 0.006700 seconds 
========================================================================
Received Import Request.
  Time since last request: 0.000057 seconds.
  path: Assets/Sprites/UI/GUI PRO Kit - Casual Game/Prefabs/Prefabs_DemoScene_Panels/Inventory.prefab
  artifactKey: Guid(2373135cd746644049fe2cd6bec07216) Importer(815301076,1909f56bfc062723c751e8b465ee728b)
Start importing Assets/Sprites/UI/GUI PRO Kit - Casual Game/Prefabs/Prefabs_DemoScene_Panels/Inventory.prefab using Guid(2373135cd746644049fe2cd6bec07216) Importer(815301076,1909f56bfc062723c751e8b465ee728b)  -> (artifact id: 'a06bfdb1f4382077bb3523b9ddd9ac27') in 0.101830 seconds 
========================================================================
Received Import Request.
  Time since last request: 0.000053 seconds.
  path: Assets/Sprites/UI/GUI PRO Kit - Casual Game/Prefabs/Prefabs_DemoScene_Particle/Fx_Rotate_Light01.prefab
  artifactKey: Guid(086535fe746a24b5a9e8e6936063074c) Importer(815301076,1909f56bfc062723c751e8b465ee728b)
Start importing Assets/Sprites/UI/GUI PRO Kit - Casual Game/Prefabs/Prefabs_DemoScene_Particle/Fx_Rotate_Light01.prefab using Guid(086535fe746a24b5a9e8e6936063074c) Importer(815301076,1909f56bfc062723c751e8b465ee728b)  -> (artifact id: 'c7d70829755ae53e69494910ffb9e487') in 0.008137 seconds 
========================================================================
Received Import Request.
  Time since last request: 0.000063 seconds.
  path: Assets/Sprites/UI/GUI PRO Kit - Casual Game/Prefabs/Prefabs_DemoScene_Panels/Play_Continue.prefab
  artifactKey: Guid(c40f618992f6e4c43a76aea8e0d17557) Importer(815301076,1909f56bfc062723c751e8b465ee728b)
Start importing Assets/Sprites/UI/GUI PRO Kit - Casual Game/Prefabs/Prefabs_DemoScene_Panels/Play_Continue.prefab using Guid(c40f618992f6e4c43a76aea8e0d17557) Importer(815301076,1909f56bfc062723c751e8b465ee728b)  -> (artifact id: '4e5d48ee0afc53e006b92e8b6664d7f6') in 0.060148 seconds 
========================================================================
Received Import Request.
  Time since last request: 1.939649 seconds.
  path: Assets/Sprites/UI/GUI PRO Kit - Casual Game/Preview/Inventory.png
  artifactKey: Guid(333b571a4b1004ecf8c43488392a552e) Importer(815301076,1909f56bfc062723c751e8b465ee728b)
Start importing Assets/Sprites/UI/GUI PRO Kit - Casual Game/Preview/Inventory.png using Guid(333b571a4b1004ecf8c43488392a552e) Importer(815301076,1909f56bfc062723c751e8b465ee728b)  -> (artifact id: '78e1f73f7076b002fd1b8aa27a0131b7') in 0.569491 seconds 
========================================================================
Received Import Request.
  Time since last request: 0.000068 seconds.
  path: Assets/Sprites/UI/GUI PRO Kit - Casual Game/Preview/LockScreen.png
  artifactKey: Guid(596aa5d20718d46c0af912a92d45f73d) Importer(815301076,1909f56bfc062723c751e8b465ee728b)
Start importing Assets/Sprites/UI/GUI PRO Kit - Casual Game/Preview/LockScreen.png using Guid(596aa5d20718d46c0af912a92d45f73d) Importer(815301076,1909f56bfc062723c751e8b465ee728b)  -> (artifact id: '503a83bd6a2cbb4521abf3bafe22c3a1') in 0.133088 seconds 
========================================================================
Received Import Request.
  Time since last request: 0.000044 seconds.
  path: Assets/Sprites/UI/GUI PRO Kit - Casual Game/Preview/Pass.png
  artifactKey: Guid(1eae1135e79544865b1d02ee9eae296d) Importer(815301076,1909f56bfc062723c751e8b465ee728b)
Start importing Assets/Sprites/UI/GUI PRO Kit - Casual Game/Preview/Pass.png using Guid(1eae1135e79544865b1d02ee9eae296d) Importer(815301076,1909f56bfc062723c751e8b465ee728b)  -> (artifact id: '838c37770e8ef83ab3d23c7eb398171a') in 0.164517 seconds 
========================================================================
Received Import Request.
  Time since last request: 0.000056 seconds.
  path: Assets/Sprites/UI/GUI PRO Kit - Casual Game/Preview/Missions.png
  artifactKey: Guid(0c04200e528504c33b39815c81c12a7d) Importer(815301076,1909f56bfc062723c751e8b465ee728b)
Start importing Assets/Sprites/UI/GUI PRO Kit - Casual Game/Preview/Missions.png using Guid(0c04200e528504c33b39815c81c12a7d) Importer(815301076,1909f56bfc062723c751e8b465ee728b)  -> (artifact id: '10e28b620b59df29c4eebf5968e44adc') in 0.144033 seconds 
========================================================================
Received Import Request.
  Time since last request: 14.022619 seconds.
  path: Assets/Sprites/UI/GUI PRO Kit - Casual Game/ResourcesData/Sprite/Component/Frame/Frame_BasicFrame_Square02.png
  artifactKey: Guid(0357d37ff2ce1443485aa680e89d82f0) Importer(815301076,1909f56bfc062723c751e8b465ee728b)
Start importing Assets/Sprites/UI/GUI PRO Kit - Casual Game/ResourcesData/Sprite/Component/Frame/Frame_BasicFrame_Square02.png using Guid(0357d37ff2ce1443485aa680e89d82f0) Importer(815301076,1909f56bfc062723c751e8b465ee728b)  -> (artifact id: 'e0e8dbbd7856a85e671ff500a5745a1e') in 0.012351 seconds 
========================================================================
Received Import Request.
  Time since last request: 0.000063 seconds.
  path: Assets/Sprites/UI/GUI PRO Kit - Casual Game/ResourcesData/Sprite/Component/Frame/Frame_BasicFrame_Square09.png
  artifactKey: Guid(75e3eed89f4c445c18126fbb6d66222e) Importer(815301076,1909f56bfc062723c751e8b465ee728b)
Start importing Assets/Sprites/UI/GUI PRO Kit - Casual Game/ResourcesData/Sprite/Component/Frame/Frame_BasicFrame_Square09.png using Guid(75e3eed89f4c445c18126fbb6d66222e) Importer(815301076,1909f56bfc062723c751e8b465ee728b)  -> (artifact id: '419d6d408fedbde1a010d9511ad0a8a2') in 0.008672 seconds 
========================================================================
Received Import Request.
  Time since last request: 0.000054 seconds.
  path: Assets/Sprites/UI/GUI PRO Kit - Casual Game/ResourcesData/Sprite/Component/Frame/Frame_BasicFrame_Square06.png
  artifactKey: Guid(0b403f4a7638141ad965efd7adf34c52) Importer(815301076,1909f56bfc062723c751e8b465ee728b)
Start importing Assets/Sprites/UI/GUI PRO Kit - Casual Game/ResourcesData/Sprite/Component/Frame/Frame_BasicFrame_Square06.png using Guid(0b403f4a7638141ad965efd7adf34c52) Importer(815301076,1909f56bfc062723c751e8b465ee728b)  -> (artifact id: 'b10a1b59372e4cc919062ce01785ad11') in 0.008124 seconds 
========================================================================
Received Import Request.
  Time since last request: 0.000049 seconds.
  path: Assets/Sprites/UI/GUI PRO Kit - Casual Game/ResourcesData/Sprite/Component/Frame/Frame_BasicFrame_Square044.png
  artifactKey: Guid(91343437293ce45ac84f9583191fd0bd) Importer(815301076,1909f56bfc062723c751e8b465ee728b)
Start importing Assets/Sprites/UI/GUI PRO Kit - Casual Game/ResourcesData/Sprite/Component/Frame/Frame_BasicFrame_Square044.png using Guid(91343437293ce45ac84f9583191fd0bd) Importer(815301076,1909f56bfc062723c751e8b465ee728b)  -> (artifact id: 'c1e840fdba274a9131bff6bd4a9b14d6') in 0.008871 seconds 
========================================================================
Received Import Request.
  Time since last request: 0.000040 seconds.
  path: Assets/Sprites/UI/GUI PRO Kit - Casual Game/ResourcesData/Sprite/Component/Frame/Frame_BasicFrame_Square08.png
  artifactKey: Guid(4c2ce05856cd94f96bda820d2353988c) Importer(815301076,1909f56bfc062723c751e8b465ee728b)
Start importing Assets/Sprites/UI/GUI PRO Kit - Casual Game/ResourcesData/Sprite/Component/Frame/Frame_BasicFrame_Square08.png using Guid(4c2ce05856cd94f96bda820d2353988c) Importer(815301076,1909f56bfc062723c751e8b465ee728b)  -> (artifact id: 'cf2de258c2ce7a80b7676229bf059cef') in 0.009209 seconds 
========================================================================
Received Import Request.
  Time since last request: 0.000049 seconds.
  path: Assets/Sprites/UI/GUI PRO Kit - Casual Game/ResourcesData/Sprite/Component/Frame/Frame_CardFrame04_d.png
  artifactKey: Guid(c127e3f9b75644725ad804c4df314d36) Importer(815301076,1909f56bfc062723c751e8b465ee728b)
Start importing Assets/Sprites/UI/GUI PRO Kit - Casual Game/ResourcesData/Sprite/Component/Frame/Frame_CardFrame04_d.png using Guid(c127e3f9b75644725ad804c4df314d36) Importer(815301076,1909f56bfc062723c751e8b465ee728b)  -> (artifact id: '10b9e5c739ad3e17e847e7e706943a25') in 0.009214 seconds 
========================================================================
Received Import Request.
  Time since last request: 0.000057 seconds.
  path: Assets/Sprites/UI/GUI PRO Kit - Casual Game/ResourcesData/Sprite/Component/Frame/Frame_CardFrame04_s.png
  artifactKey: Guid(a62b74cf5e0d843df92213d37c22e0bd) Importer(815301076,1909f56bfc062723c751e8b465ee728b)
Start importing Assets/Sprites/UI/GUI PRO Kit - Casual Game/ResourcesData/Sprite/Component/Frame/Frame_CardFrame04_s.png using Guid(a62b74cf5e0d843df92213d37c22e0bd) Importer(815301076,1909f56bfc062723c751e8b465ee728b)  -> (artifact id: '5756c532ccb173afe25366aca917b4dd') in 0.013950 seconds 
========================================================================
Received Import Request.
  Time since last request: 1.422558 seconds.
  path: Assets/Sprites/UI/GUI PRO Kit - Casual Game/ResourcesData/Sprite/Component/Label/Label_BasicLabel02_White.png
  artifactKey: Guid(5458175504c3442729c2d39a4201eb30) Importer(815301076,1909f56bfc062723c751e8b465ee728b)
Start importing Assets/Sprites/UI/GUI PRO Kit - Casual Game/ResourcesData/Sprite/Component/Label/Label_BasicLabel02_White.png using Guid(5458175504c3442729c2d39a4201eb30) Importer(815301076,1909f56bfc062723c751e8b465ee728b)  -> (artifact id: '8bda293c18b01afdd290af8c94ba206a') in 0.010625 seconds 
========================================================================
Received Import Request.
  Time since last request: 0.000073 seconds.
  path: Assets/Sprites/UI/GUI PRO Kit - Casual Game/ResourcesData/Sprite/Component/Label/Label_LeftLabel01_Green.png
  artifactKey: Guid(97015b9c8e41d49de9b3b84779bcf5a7) Importer(815301076,1909f56bfc062723c751e8b465ee728b)
Start importing Assets/Sprites/UI/GUI PRO Kit - Casual Game/ResourcesData/Sprite/Component/Label/Label_LeftLabel01_Green.png using Guid(97015b9c8e41d49de9b3b84779bcf5a7) Importer(815301076,1909f56bfc062723c751e8b465ee728b)  -> (artifact id: '13c976bfa9ed4ff715d86db40a90962d') in 0.008529 seconds 
========================================================================
Received Import Request.
  Time since last request: 0.000048 seconds.
  path: Assets/Sprites/UI/GUI PRO Kit - Casual Game/ResourcesData/Sprite/Component/Label/Label_TitleFlag_Green.png
  artifactKey: Guid(f143e6b7f1ee14c9c8385475d718d2e6) Importer(815301076,1909f56bfc062723c751e8b465ee728b)
Start importing Assets/Sprites/UI/GUI PRO Kit - Casual Game/ResourcesData/Sprite/Component/Label/Label_TitleFlag_Green.png using Guid(f143e6b7f1ee14c9c8385475d718d2e6) Importer(815301076,1909f56bfc062723c751e8b465ee728b)  -> (artifact id: 'e1e21232d3ff30340006f93277f3cceb') in 0.018666 seconds 
========================================================================
Received Import Request.
  Time since last request: 0.000065 seconds.
  path: Assets/Sprites/UI/GUI PRO Kit - Casual Game/ResourcesData/Sprite/Component/Label/Label_SpeechBubbleLabel01.png
  artifactKey: Guid(e9617c6098e9944e8bc66de8cdbfd7d5) Importer(815301076,1909f56bfc062723c751e8b465ee728b)
Start importing Assets/Sprites/UI/GUI PRO Kit - Casual Game/ResourcesData/Sprite/Component/Label/Label_SpeechBubbleLabel01.png using Guid(e9617c6098e9944e8bc66de8cdbfd7d5) Importer(815301076,1909f56bfc062723c751e8b465ee728b)  -> (artifact id: 'e167cfb804313d39621c7806c5b056b5') in 0.009037 seconds 
========================================================================
Received Import Request.
  Time since last request: 0.000064 seconds.
  path: Assets/Sprites/UI/GUI PRO Kit - Casual Game/ResourcesData/Sprite/Component/Label/Label_TitleFlag_Red.png
  artifactKey: Guid(9e60e4c19a24d4f9ab3b882467e3ff28) Importer(815301076,1909f56bfc062723c751e8b465ee728b)
Start importing Assets/Sprites/UI/GUI PRO Kit - Casual Game/ResourcesData/Sprite/Component/Label/Label_TitleFlag_Red.png using Guid(9e60e4c19a24d4f9ab3b882467e3ff28) Importer(815301076,1909f56bfc062723c751e8b465ee728b)  -> (artifact id: '60fc6065742bf97058e51fc5faed80f9') in 0.017254 seconds 
========================================================================
Received Import Request.
  Time since last request: 0.000072 seconds.
  path: Assets/Sprites/UI/GUI PRO Kit - Casual Game/ResourcesData/Sprite/Component/Label/Label_TitleFlag_Blue.png
  artifactKey: Guid(5be23c1877e9a40e28a1f3e28352d894) Importer(815301076,1909f56bfc062723c751e8b465ee728b)
Start importing Assets/Sprites/UI/GUI PRO Kit - Casual Game/ResourcesData/Sprite/Component/Label/Label_TitleFlag_Blue.png using Guid(5be23c1877e9a40e28a1f3e28352d894) Importer(815301076,1909f56bfc062723c751e8b465ee728b)  -> (artifact id: 'dbd4f585c9c62f6f30ba5724e0e3f508') in 0.017013 seconds 
========================================================================
Received Import Request.
  Time since last request: 0.000053 seconds.
  path: Assets/Sprites/UI/GUI PRO Kit - Casual Game/ResourcesData/Sprite/Component/Label/Label_LeftLabel02.png
  artifactKey: Guid(354c311ffdcdf4cea9a7e9326e0fa90b) Importer(815301076,1909f56bfc062723c751e8b465ee728b)
Start importing Assets/Sprites/UI/GUI PRO Kit - Casual Game/ResourcesData/Sprite/Component/Label/Label_LeftLabel02.png using Guid(354c311ffdcdf4cea9a7e9326e0fa90b) Importer(815301076,1909f56bfc062723c751e8b465ee728b)  -> (artifact id: '781dd14dfdfe4030f02995c993ecf28b') in 0.009267 seconds 
========================================================================
Received Import Request.
  Time since last request: 9.418677 seconds.
  path: Assets/Sprites/UI/GUI PRO Kit - Casual Game/Preview/Popup_UserInfo.png
  artifactKey: Guid(79be564f36fdc4ab2840643c05d5b11d) Importer(815301076,1909f56bfc062723c751e8b465ee728b)
Start importing Assets/Sprites/UI/GUI PRO Kit - Casual Game/Preview/Popup_UserInfo.png using Guid(79be564f36fdc4ab2840643c05d5b11d) Importer(815301076,1909f56bfc062723c751e8b465ee728b)  -> (artifact id: '87f02c0dbbf6174daeacc2973de22d20') in 0.149630 seconds 
========================================================================
Received Import Request.
  Time since last request: 0.000055 seconds.
  path: Assets/Sprites/UI/GUI PRO Kit - Casual Game/Preview/Title_Loadingbar.png
  artifactKey: Guid(1298fbaa58c354e25a6ac2754333580b) Importer(815301076,1909f56bfc062723c751e8b465ee728b)
Start importing Assets/Sprites/UI/GUI PRO Kit - Casual Game/Preview/Title_Loadingbar.png using Guid(1298fbaa58c354e25a6ac2754333580b) Importer(815301076,1909f56bfc062723c751e8b465ee728b)  -> (artifact id: '2cc63b1f012b7619004dfacea7d0e146') in 0.222733 seconds 
========================================================================
Received Import Request.
  Time since last request: 0.000085 seconds.
  path: Assets/Sprites/UI/GUI PRO Kit - Casual Game/Preview/Shop.png
  artifactKey: Guid(339bcab5eab5543e293eccd5ee20cd53) Importer(815301076,1909f56bfc062723c751e8b465ee728b)
Start importing Assets/Sprites/UI/GUI PRO Kit - Casual Game/Preview/Shop.png using Guid(339bcab5eab5543e293eccd5ee20cd53) Importer(815301076,1909f56bfc062723c751e8b465ee728b)  -> (artifact id: '09495d8d38254145160f00f0d5040697') in 0.217862 seconds 
========================================================================
Received Import Request.
  Time since last request: 0.000065 seconds.
  path: Assets/Sprites/UI/GUI PRO Kit - Casual Game/Preview/Tutorial_Hand.png
  artifactKey: Guid(f2a44e9821c354308b2146b6ebb7694c) Importer(815301076,1909f56bfc062723c751e8b465ee728b)
Start importing Assets/Sprites/UI/GUI PRO Kit - Casual Game/Preview/Tutorial_Hand.png using Guid(f2a44e9821c354308b2146b6ebb7694c) Importer(815301076,1909f56bfc062723c751e8b465ee728b)  -> (artifact id: '91b1e50a33ab46d37d6b23bf7fd0a853') in 0.215557 seconds 
========================================================================
Received Import Request.
  Time since last request: 0.000072 seconds.
  path: Assets/Sprites/UI/GUI PRO Kit - Casual Game/Preview/Stage_Select_Type2_Detail.png
  artifactKey: Guid(b72d3428ede544543a1a5087a1ded6a4) Importer(815301076,1909f56bfc062723c751e8b465ee728b)
Start importing Assets/Sprites/UI/GUI PRO Kit - Casual Game/Preview/Stage_Select_Type2_Detail.png using Guid(b72d3428ede544543a1a5087a1ded6a4) Importer(815301076,1909f56bfc062723c751e8b465ee728b)  -> (artifact id: '440952a4cf7ecc468e92f5d351c6e264') in 0.178364 seconds 
========================================================================
Received Import Request.
  Time since last request: 0.000063 seconds.
  path: Assets/Sprites/UI/GUI PRO Kit - Casual Game/Preview/Shop2.png
  artifactKey: Guid(3f42bcc4ed6c344b59b154df82e2cb2c) Importer(815301076,1909f56bfc062723c751e8b465ee728b)
Start importing Assets/Sprites/UI/GUI PRO Kit - Casual Game/Preview/Shop2.png using Guid(3f42bcc4ed6c344b59b154df82e2cb2c) Importer(815301076,1909f56bfc062723c751e8b465ee728b)  -> (artifact id: '4cb0430f0530b4b0ade758a25ff81584') in 0.181583 seconds 
========================================================================
Received Import Request.
  Time since last request: 0.000056 seconds.
  path: Assets/Sprites/UI/GUI PRO Kit - Casual Game/Preview/Shop1.png
  artifactKey: Guid(bc1b22ecdcdcf4d30a549cd0d0419d94) Importer(815301076,1909f56bfc062723c751e8b465ee728b)
Start importing Assets/Sprites/UI/GUI PRO Kit - Casual Game/Preview/Shop1.png using Guid(bc1b22ecdcdcf4d30a549cd0d0419d94) Importer(815301076,1909f56bfc062723c751e8b465ee728b)  -> (artifact id: 'a25b9785ff8ddf0c1ca06fa0a639e343') in 0.178045 seconds 
